Arguments: 
  /home/icsl22/.nvm/versions/node/v19.2.0/bin/node /home/icsl22/.nvm/versions/node/v19.2.0/bin/yarn add typesctipt

PATH: 
  /home/icsl22/.nvm/versions/node/v19.2.0/bin:/home/icsl22/.local/bin:/usr/local/sbin:/usr/local/bin:/usr/sbin:/usr/bin:/sbin:/bin:/usr/games:/usr/local/games:/snap/bin

Yarn version: 
  1.22.19

Node version: 
  19.2.0

Platform: 
  linux x64

Trace: 
  Error: https://registry.yarnpkg.com/typesctipt: Not found
      at params.callback [as _callback] (/home/icsl22/.nvm/versions/node/v19.2.0/lib/node_modules/yarn/lib/cli.js:66145:18)
      at self.callback (/home/icsl22/.nvm/versions/node/v19.2.0/lib/node_modules/yarn/lib/cli.js:140890:22)
      at Request.emit (node:events:513:28)
      at Request.<anonymous> (/home/icsl22/.nvm/versions/node/v19.2.0/lib/node_modules/yarn/lib/cli.js:141862:10)
      at Request.emit (node:events:513:28)
      at IncomingMessage.<anonymous> (/home/icsl22/.nvm/versions/node/v19.2.0/lib/node_modules/yarn/lib/cli.js:141784:12)
      at Object.onceWrapper (node:events:627:28)
      at IncomingMessage.emit (node:events:525:35)
      at endReadableNT (node:internal/streams/readable:1359:12)
      at process.processTicksAndRejections (node:internal/process/task_queues:82:21)

npm manifest: 
  {
    "name": "win",
    "version": "1.0.0",
    "description": "",
    "main": "server.js",
    "scripts": {
      "seed": "ts-node-dev --respawn --pretty --transpile-only seed/index",
      "format": "npm run format:write && npm run lint:fix",
      "check": "npm run format:check && npm run lint:check",
      "format:check": "prettier --check .",
      "format:write": "prettier --write .",
      "lint:check": "eslint .",
      "lint:fix": "eslint --fix .",
      "start": "export ENV=local && node app",
      "dev": "export ENV=local && ts-node-dev --pretty --transpile-only app.ts",
      "build": "rimraf build && tsc -p tsconfig.json"
    },
    "author": "",
    "license": "ISC",
    "dependencies": {
      "@types/node": "^18.11.17",
      "cors": "^2.8.5",
      "dotenv": "^16.0.3",
      "express": "^4.18.2",
      "mongoose": "^6.8.1",
      "morgan": "^1.10.0",
      "ts-node-dev": "^2.0.0"
    },
    "devDependencies": {
      "@types/cors": "^2.8.13",
      "@types/express": "^4.17.15",
      "@types/morgan": "^1.9.3"
    }
  }

yarn manifest: 
  No manifest

Lockfile: 
  # THIS IS AN AUTOGENERATED FILE. DO NOT EDIT THIS FILE DIRECTLY.
  # yarn lockfile v1
  
  
  "@aws-crypto/ie11-detection@^2.0.0":
    "integrity" "sha512-5XDMQY98gMAf/WRTic5G++jfmS/VLM0rwpiOpaainKi4L0nqWMSB1SzsrEG5rjFZGYN6ZAefO+/Yta2dFM0kMw=="
    "resolved" "https://registry.npmjs.org/@aws-crypto/ie11-detection/-/ie11-detection-2.0.2.tgz"
    "version" "2.0.2"
    dependencies:
      "tslib" "^1.11.1"
  
  "@aws-crypto/sha256-browser@2.0.0":
    "integrity" "sha512-rYXOQ8BFOaqMEHJrLHul/25ckWH6GTJtdLSajhlqGMx0PmSueAuvboCuZCTqEKlxR8CQOwRarxYMZZSYlhRA1A=="
    "resolved" "https://registry.npmjs.org/@aws-crypto/sha256-browser/-/sha256-browser-2.0.0.tgz"
    "version" "2.0.0"
    dependencies:
      "@aws-crypto/ie11-detection" "^2.0.0"
      "@aws-crypto/sha256-js" "^2.0.0"
      "@aws-crypto/supports-web-crypto" "^2.0.0"
      "@aws-crypto/util" "^2.0.0"
      "@aws-sdk/types" "^3.1.0"
      "@aws-sdk/util-locate-window" "^3.0.0"
      "@aws-sdk/util-utf8-browser" "^3.0.0"
      "tslib" "^1.11.1"
  
  "@aws-crypto/sha256-js@^2.0.0", "@aws-crypto/sha256-js@2.0.0":
    "integrity" "sha512-VZY+mCY4Nmrs5WGfitmNqXzaE873fcIZDu54cbaDaaamsaTOP1DBImV9F4pICc3EHjQXujyE8jig+PFCaew9ig=="
    "resolved" "https://registry.npmjs.org/@aws-crypto/sha256-js/-/sha256-js-2.0.0.tgz"
    "version" "2.0.0"
    dependencies:
      "@aws-crypto/util" "^2.0.0"
      "@aws-sdk/types" "^3.1.0"
      "tslib" "^1.11.1"
  
  "@aws-crypto/supports-web-crypto@^2.0.0":
    "integrity" "sha512-6mbSsLHwZ99CTOOswvCRP3C+VCWnzBf+1SnbWxzzJ9lR0mA0JnY2JEAhp8rqmTE0GPFy88rrM27ffgp62oErMQ=="
    "resolved" "https://registry.npmjs.org/@aws-crypto/supports-web-crypto/-/supports-web-crypto-2.0.2.tgz"
    "version" "2.0.2"
    dependencies:
      "tslib" "^1.11.1"
  
  "@aws-crypto/util@^2.0.0":
    "integrity" "sha512-Lgu5v/0e/BcrZ5m/IWqzPUf3UYFTy/PpeED+uc9SWUR1iZQL8XXbGQg10UfllwwBryO3hFF5dizK+78aoXC1eA=="
    "resolved" "https://registry.npmjs.org/@aws-crypto/util/-/util-2.0.2.tgz"
    "version" "2.0.2"
    dependencies:
      "@aws-sdk/types" "^3.110.0"
      "@aws-sdk/util-utf8-browser" "^3.0.0"
      "tslib" "^1.11.1"
  
  "@aws-sdk/abort-controller@3.226.0":
    "integrity" "sha512-cJVzr1xxPBd08voknXvR0RLgtZKGKt6WyDpH/BaPCu3rfSqWCDZKzwqe940eqosjmKrxC6pUZNKASIqHOQ8xxQ=="
    "resolved" "https://registry.npmjs.org/@aws-sdk/abort-controller/-/abort-controller-3.226.0.tgz"
    "version" "3.226.0"
    dependencies:
      "@aws-sdk/types" "3.226.0"
      "tslib" "^2.3.1"
  
  "@aws-sdk/client-cognito-identity@3.236.0":
    "integrity" "sha512-lWGuTVA+q3h1KS3nxTWeRGOfsuQ+GNwq5IxFJ8ko441mpwo5A2t6u25Z+G6t5Eh+q4EcoxMX64HYA+cu91lr7g=="
    "resolved" "https://registry.npmjs.org/@aws-sdk/client-cognito-identity/-/client-cognito-identity-3.236.0.tgz"
    "version" "3.236.0"
    dependencies:
      "@aws-crypto/sha256-browser" "2.0.0"
      "@aws-crypto/sha256-js" "2.0.0"
      "@aws-sdk/client-sts" "3.236.0"
      "@aws-sdk/config-resolver" "3.234.0"
      "@aws-sdk/credential-provider-node" "3.236.0"
      "@aws-sdk/fetch-http-handler" "3.226.0"
      "@aws-sdk/hash-node" "3.226.0"
      "@aws-sdk/invalid-dependency" "3.226.0"
      "@aws-sdk/middleware-content-length" "3.226.0"
      "@aws-sdk/middleware-endpoint" "3.226.0"
      "@aws-sdk/middleware-host-header" "3.226.0"
      "@aws-sdk/middleware-logger" "3.226.0"
      "@aws-sdk/middleware-recursion-detection" "3.226.0"
      "@aws-sdk/middleware-retry" "3.235.0"
      "@aws-sdk/middleware-serde" "3.226.0"
      "@aws-sdk/middleware-signing" "3.226.0"
      "@aws-sdk/middleware-stack" "3.226.0"
      "@aws-sdk/middleware-user-agent" "3.226.0"
      "@aws-sdk/node-config-provider" "3.226.0"
      "@aws-sdk/node-http-handler" "3.226.0"
      "@aws-sdk/protocol-http" "3.226.0"
      "@aws-sdk/smithy-client" "3.234.0"
      "@aws-sdk/types" "3.226.0"
      "@aws-sdk/url-parser" "3.226.0"
      "@aws-sdk/util-base64" "3.208.0"
      "@aws-sdk/util-body-length-browser" "3.188.0"
      "@aws-sdk/util-body-length-node" "3.208.0"
      "@aws-sdk/util-defaults-mode-browser" "3.234.0"
      "@aws-sdk/util-defaults-mode-node" "3.234.0"
      "@aws-sdk/util-endpoints" "3.226.0"
      "@aws-sdk/util-retry" "3.229.0"
      "@aws-sdk/util-user-agent-browser" "3.226.0"
      "@aws-sdk/util-user-agent-node" "3.226.0"
      "@aws-sdk/util-utf8-browser" "3.188.0"
      "@aws-sdk/util-utf8-node" "3.208.0"
      "tslib" "^2.3.1"
  
  "@aws-sdk/client-sso-oidc@3.236.0":
    "integrity" "sha512-9TuigSXGafVto+GjKsVkhNLlnSgNWzRL5/ClZ5lY3dWrcDEJGZjFwwRB3ICerFQJBdDfsYwjNjJPhYEHzdyBfQ=="
    "resolved" "https://registry.npmjs.org/@aws-sdk/client-sso-oidc/-/client-sso-oidc-3.236.0.tgz"
    "version" "3.236.0"
    dependencies:
      "@aws-crypto/sha256-browser" "2.0.0"
      "@aws-crypto/sha256-js" "2.0.0"
      "@aws-sdk/config-resolver" "3.234.0"
      "@aws-sdk/fetch-http-handler" "3.226.0"
      "@aws-sdk/hash-node" "3.226.0"
      "@aws-sdk/invalid-dependency" "3.226.0"
      "@aws-sdk/middleware-content-length" "3.226.0"
      "@aws-sdk/middleware-endpoint" "3.226.0"
      "@aws-sdk/middleware-host-header" "3.226.0"
      "@aws-sdk/middleware-logger" "3.226.0"
      "@aws-sdk/middleware-recursion-detection" "3.226.0"
      "@aws-sdk/middleware-retry" "3.235.0"
      "@aws-sdk/middleware-serde" "3.226.0"
      "@aws-sdk/middleware-stack" "3.226.0"
      "@aws-sdk/middleware-user-agent" "3.226.0"
      "@aws-sdk/node-config-provider" "3.226.0"
      "@aws-sdk/node-http-handler" "3.226.0"
      "@aws-sdk/protocol-http" "3.226.0"
      "@aws-sdk/smithy-client" "3.234.0"
      "@aws-sdk/types" "3.226.0"
      "@aws-sdk/url-parser" "3.226.0"
      "@aws-sdk/util-base64" "3.208.0"
      "@aws-sdk/util-body-length-browser" "3.188.0"
      "@aws-sdk/util-body-length-node" "3.208.0"
      "@aws-sdk/util-defaults-mode-browser" "3.234.0"
      "@aws-sdk/util-defaults-mode-node" "3.234.0"
      "@aws-sdk/util-endpoints" "3.226.0"
      "@aws-sdk/util-retry" "3.229.0"
      "@aws-sdk/util-user-agent-browser" "3.226.0"
      "@aws-sdk/util-user-agent-node" "3.226.0"
      "@aws-sdk/util-utf8-browser" "3.188.0"
      "@aws-sdk/util-utf8-node" "3.208.0"
      "tslib" "^2.3.1"
  
  "@aws-sdk/client-sso@3.236.0":
    "integrity" "sha512-2E/XHiVSRI+L2SlVscmV/+z4A2iWF6BTUjVBFBGMmsailvGDV6XKPFocTBsHI64G25/SYkhMdELvjn5jHLKBGQ=="
    "resolved" "https://registry.npmjs.org/@aws-sdk/client-sso/-/client-sso-3.236.0.tgz"
    "version" "3.236.0"
    dependencies:
      "@aws-crypto/sha256-browser" "2.0.0"
      "@aws-crypto/sha256-js" "2.0.0"
      "@aws-sdk/config-resolver" "3.234.0"
      "@aws-sdk/fetch-http-handler" "3.226.0"
      "@aws-sdk/hash-node" "3.226.0"
      "@aws-sdk/invalid-dependency" "3.226.0"
      "@aws-sdk/middleware-content-length" "3.226.0"
      "@aws-sdk/middleware-endpoint" "3.226.0"
      "@aws-sdk/middleware-host-header" "3.226.0"
      "@aws-sdk/middleware-logger" "3.226.0"
      "@aws-sdk/middleware-recursion-detection" "3.226.0"
      "@aws-sdk/middleware-retry" "3.235.0"
      "@aws-sdk/middleware-serde" "3.226.0"
      "@aws-sdk/middleware-stack" "3.226.0"
      "@aws-sdk/middleware-user-agent" "3.226.0"
      "@aws-sdk/node-config-provider" "3.226.0"
      "@aws-sdk/node-http-handler" "3.226.0"
      "@aws-sdk/protocol-http" "3.226.0"
      "@aws-sdk/smithy-client" "3.234.0"
      "@aws-sdk/types" "3.226.0"
      "@aws-sdk/url-parser" "3.226.0"
      "@aws-sdk/util-base64" "3.208.0"
      "@aws-sdk/util-body-length-browser" "3.188.0"
      "@aws-sdk/util-body-length-node" "3.208.0"
      "@aws-sdk/util-defaults-mode-browser" "3.234.0"
      "@aws-sdk/util-defaults-mode-node" "3.234.0"
      "@aws-sdk/util-endpoints" "3.226.0"
      "@aws-sdk/util-retry" "3.229.0"
      "@aws-sdk/util-user-agent-browser" "3.226.0"
      "@aws-sdk/util-user-agent-node" "3.226.0"
      "@aws-sdk/util-utf8-browser" "3.188.0"
      "@aws-sdk/util-utf8-node" "3.208.0"
      "tslib" "^2.3.1"
  
  "@aws-sdk/client-sts@3.236.0":
    "integrity" "sha512-ruEALU0oPwsA8xZ/HBCoUO9rsyhPyalj20GMGpzVaNcf1dr1jMTThDQvQvvjAHjY3W56mI7ApxjK+D+gok55aw=="
    "resolved" "https://registry.npmjs.org/@aws-sdk/client-sts/-/client-sts-3.236.0.tgz"
    "version" "3.236.0"
    dependencies:
      "@aws-crypto/sha256-browser" "2.0.0"
      "@aws-crypto/sha256-js" "2.0.0"
      "@aws-sdk/config-resolver" "3.234.0"
      "@aws-sdk/credential-provider-node" "3.236.0"
      "@aws-sdk/fetch-http-handler" "3.226.0"
      "@aws-sdk/hash-node" "3.226.0"
      "@aws-sdk/invalid-dependency" "3.226.0"
      "@aws-sdk/middleware-content-length" "3.226.0"
      "@aws-sdk/middleware-endpoint" "3.226.0"
      "@aws-sdk/middleware-host-header" "3.226.0"
      "@aws-sdk/middleware-logger" "3.226.0"
      "@aws-sdk/middleware-recursion-detection" "3.226.0"
      "@aws-sdk/middleware-retry" "3.235.0"
      "@aws-sdk/middleware-sdk-sts" "3.226.0"
      "@aws-sdk/middleware-serde" "3.226.0"
      "@aws-sdk/middleware-signing" "3.226.0"
      "@aws-sdk/middleware-stack" "3.226.0"
      "@aws-sdk/middleware-user-agent" "3.226.0"
      "@aws-sdk/node-config-provider" "3.226.0"
      "@aws-sdk/node-http-handler" "3.226.0"
      "@aws-sdk/protocol-http" "3.226.0"
      "@aws-sdk/smithy-client" "3.234.0"
      "@aws-sdk/types" "3.226.0"
      "@aws-sdk/url-parser" "3.226.0"
      "@aws-sdk/util-base64" "3.208.0"
      "@aws-sdk/util-body-length-browser" "3.188.0"
      "@aws-sdk/util-body-length-node" "3.208.0"
      "@aws-sdk/util-defaults-mode-browser" "3.234.0"
      "@aws-sdk/util-defaults-mode-node" "3.234.0"
      "@aws-sdk/util-endpoints" "3.226.0"
      "@aws-sdk/util-retry" "3.229.0"
      "@aws-sdk/util-user-agent-browser" "3.226.0"
      "@aws-sdk/util-user-agent-node" "3.226.0"
      "@aws-sdk/util-utf8-browser" "3.188.0"
      "@aws-sdk/util-utf8-node" "3.208.0"
      "fast-xml-parser" "4.0.11"
      "tslib" "^2.3.1"
  
  "@aws-sdk/config-resolver@3.234.0":
    "integrity" "sha512-uZxy4wzllfvgCQxVc+Iqhde0NGAnfmV2hWR6ejadJaAFTuYNvQiRg9IqJy3pkyDPqXySiJ8Bom5PoJfgn55J/A=="
    "resolved" "https://registry.npmjs.org/@aws-sdk/config-resolver/-/config-resolver-3.234.0.tgz"
    "version" "3.234.0"
    dependencies:
      "@aws-sdk/signature-v4" "3.226.0"
      "@aws-sdk/types" "3.226.0"
      "@aws-sdk/util-config-provider" "3.208.0"
      "@aws-sdk/util-middleware" "3.226.0"
      "tslib" "^2.3.1"
  
  "@aws-sdk/credential-provider-cognito-identity@3.236.0":
    "integrity" "sha512-PDsUZ7gmSCwraDDYnmoSkmrA1tpmvDBDjNPUVe6E+/8tDw3SWiL2efGR6r8ajFh9m+6jF6B8Wy+YB3u3yjAjWQ=="
    "resolved" "https://registry.npmjs.org/@aws-sdk/credential-provider-cognito-identity/-/credential-provider-cognito-identity-3.236.0.tgz"
    "version" "3.236.0"
    dependencies:
      "@aws-sdk/client-cognito-identity" "3.236.0"
      "@aws-sdk/property-provider" "3.226.0"
      "@aws-sdk/types" "3.226.0"
      "tslib" "^2.3.1"
  
  "@aws-sdk/credential-provider-env@3.226.0":
    "integrity" "sha512-sd8uK1ojbXxaZXlthzw/VXZwCPUtU3PjObOfr3Evj7MPIM2IH8h29foOlggx939MdLQGboJf9gKvLlvKDWtJRA=="
    "resolved" "https://registry.npmjs.org/@aws-sdk/credential-provider-env/-/credential-provider-env-3.226.0.tgz"
    "version" "3.226.0"
    dependencies:
      "@aws-sdk/property-provider" "3.226.0"
      "@aws-sdk/types" "3.226.0"
      "tslib" "^2.3.1"
  
  "@aws-sdk/credential-provider-imds@3.226.0":
    "integrity" "sha512-//z/COQm2AjYFI1Lb0wKHTQSrvLFTyuKLFQGPJsKS7DPoxGOCKB7hmYerlbl01IDoCxTdyL//TyyPxbZEOQD5Q=="
    "resolved" "https://registry.npmjs.org/@aws-sdk/credential-provider-imds/-/credential-provider-imds-3.226.0.tgz"
    "version" "3.226.0"
    dependencies:
      "@aws-sdk/node-config-provider" "3.226.0"
      "@aws-sdk/property-provider" "3.226.0"
      "@aws-sdk/types" "3.226.0"
      "@aws-sdk/url-parser" "3.226.0"
      "tslib" "^2.3.1"
  
  "@aws-sdk/credential-provider-ini@3.236.0":
    "integrity" "sha512-W5vMEauWgFCzvf4Hks6ToU5dhbN87gyijmwp/l9AkKKvuJ25LkveAhk8xz3bydJThHdgWNEuBMyfmlVWmdybIg=="
    "resolved" "https://registry.npmjs.org/@aws-sdk/credential-provider-ini/-/credential-provider-ini-3.236.0.tgz"
    "version" "3.236.0"
    dependencies:
      "@aws-sdk/credential-provider-env" "3.226.0"
      "@aws-sdk/credential-provider-imds" "3.226.0"
      "@aws-sdk/credential-provider-process" "3.226.0"
      "@aws-sdk/credential-provider-sso" "3.236.0"
      "@aws-sdk/credential-provider-web-identity" "3.226.0"
      "@aws-sdk/property-provider" "3.226.0"
      "@aws-sdk/shared-ini-file-loader" "3.226.0"
      "@aws-sdk/types" "3.226.0"
      "tslib" "^2.3.1"
  
  "@aws-sdk/credential-provider-node@3.236.0":
    "integrity" "sha512-ktRPwmqw2P4dDzs/nJYTnuesSYqpDUEtqm2KSCKNT/fobzgfsrESLk3a7TY4l6N3muxQtKwguIa9Lulhe82+wg=="
    "resolved" "https://registry.npmjs.org/@aws-sdk/credential-provider-node/-/credential-provider-node-3.236.0.tgz"
    "version" "3.236.0"
    dependencies:
      "@aws-sdk/credential-provider-env" "3.226.0"
      "@aws-sdk/credential-provider-imds" "3.226.0"
      "@aws-sdk/credential-provider-ini" "3.236.0"
      "@aws-sdk/credential-provider-process" "3.226.0"
      "@aws-sdk/credential-provider-sso" "3.236.0"
      "@aws-sdk/credential-provider-web-identity" "3.226.0"
      "@aws-sdk/property-provider" "3.226.0"
      "@aws-sdk/shared-ini-file-loader" "3.226.0"
      "@aws-sdk/types" "3.226.0"
      "tslib" "^2.3.1"
  
  "@aws-sdk/credential-provider-process@3.226.0":
    "integrity" "sha512-iUDMdnrTvbvaCFhWwqyXrhvQ9+ojPqPqXhwZtY1X/Qaz+73S9gXBPJHZaZb2Ke0yKE1Ql3bJbKvmmxC/qLQMng=="
    "resolved" "https://registry.npmjs.org/@aws-sdk/credential-provider-process/-/credential-provider-process-3.226.0.tgz"
    "version" "3.226.0"
    dependencies:
      "@aws-sdk/property-provider" "3.226.0"
      "@aws-sdk/shared-ini-file-loader" "3.226.0"
      "@aws-sdk/types" "3.226.0"
      "tslib" "^2.3.1"
  
  "@aws-sdk/credential-provider-sso@3.236.0":
    "integrity" "sha512-HLeVsFHd8QLQwhjwhdlBhXOFIa33mzqmxOqe2Qr4FVD5IR1/G4zLpSWSwtYjpvWRZs2oWSg6XI7vSyeQttPmHg=="
    "resolved" "https://registry.npmjs.org/@aws-sdk/credential-provider-sso/-/credential-provider-sso-3.236.0.tgz"
    "version" "3.236.0"
    dependencies:
      "@aws-sdk/client-sso" "3.236.0"
      "@aws-sdk/property-provider" "3.226.0"
      "@aws-sdk/shared-ini-file-loader" "3.226.0"
      "@aws-sdk/token-providers" "3.236.0"
      "@aws-sdk/types" "3.226.0"
      "tslib" "^2.3.1"
  
  "@aws-sdk/credential-provider-web-identity@3.226.0":
    "integrity" "sha512-CCpv847rLB0SFOHz2igvUMFAzeT2fD3YnY4C8jltuJoEkn0ITn1Hlgt13nTJ5BUuvyti2mvyXZHmNzhMIMrIlw=="
    "resolved" "https://registry.npmjs.org/@aws-sdk/credential-provider-web-identity/-/credential-provider-web-identity-3.226.0.tgz"
    "version" "3.226.0"
    dependencies:
      "@aws-sdk/property-provider" "3.226.0"
      "@aws-sdk/types" "3.226.0"
      "tslib" "^2.3.1"
  
  "@aws-sdk/credential-providers@^3.186.0":
    "integrity" "sha512-z7RU5E9xlk6KX16jJxByn8xa8mv8pPZoqAPkavCsFJS6pOYTtQJYYdjrUK/2EmOmbPpc62P6mqVP7qTVQKgafw=="
    "resolved" "https://registry.npmjs.org/@aws-sdk/credential-providers/-/credential-providers-3.236.0.tgz"
    "version" "3.236.0"
    dependencies:
      "@aws-sdk/client-cognito-identity" "3.236.0"
      "@aws-sdk/client-sso" "3.236.0"
      "@aws-sdk/client-sts" "3.236.0"
      "@aws-sdk/credential-provider-cognito-identity" "3.236.0"
      "@aws-sdk/credential-provider-env" "3.226.0"
      "@aws-sdk/credential-provider-imds" "3.226.0"
      "@aws-sdk/credential-provider-ini" "3.236.0"
      "@aws-sdk/credential-provider-node" "3.236.0"
      "@aws-sdk/credential-provider-process" "3.226.0"
      "@aws-sdk/credential-provider-sso" "3.236.0"
      "@aws-sdk/credential-provider-web-identity" "3.226.0"
      "@aws-sdk/property-provider" "3.226.0"
      "@aws-sdk/shared-ini-file-loader" "3.226.0"
      "@aws-sdk/types" "3.226.0"
      "tslib" "^2.3.1"
  
  "@aws-sdk/fetch-http-handler@3.226.0":
    "integrity" "sha512-JewZPMNEBXfi1xVnRa7pVtK/zgZD8/lQ/YnD8pq79WuMa2cwyhDtr8oqCoqsPW+WJT5ScXoMtuHxN78l8eKWgg=="
    "resolved" "https://registry.npmjs.org/@aws-sdk/fetch-http-handler/-/fetch-http-handler-3.226.0.tgz"
    "version" "3.226.0"
    dependencies:
      "@aws-sdk/protocol-http" "3.226.0"
      "@aws-sdk/querystring-builder" "3.226.0"
      "@aws-sdk/types" "3.226.0"
      "@aws-sdk/util-base64" "3.208.0"
      "tslib" "^2.3.1"
  
  "@aws-sdk/hash-node@3.226.0":
    "integrity" "sha512-MdlJhJ9/Espwd0+gUXdZRsHuostB2WxEVAszWxobP0FTT9PnicqnfK7ExmW+DUAc0ywxtEbR3e0UND65rlSTVw=="
    "resolved" "https://registry.npmjs.org/@aws-sdk/hash-node/-/hash-node-3.226.0.tgz"
    "version" "3.226.0"
    dependencies:
      "@aws-sdk/types" "3.226.0"
      "@aws-sdk/util-buffer-from" "3.208.0"
      "tslib" "^2.3.1"
  
  "@aws-sdk/invalid-dependency@3.226.0":
    "integrity" "sha512-QXOYFmap8g9QzRjumcRCIo2GEZkdCwd7ePQW0OABWPhKHzlJ74vvBxywjU3s39EEBEluWXtZ7Iufg6GxZM4ifw=="
    "resolved" "https://registry.npmjs.org/@aws-sdk/invalid-dependency/-/invalid-dependency-3.226.0.tgz"
    "version" "3.226.0"
    dependencies:
      "@aws-sdk/types" "3.226.0"
      "tslib" "^2.3.1"
  
  "@aws-sdk/is-array-buffer@3.201.0":
    "integrity" "sha512-UPez5qLh3dNgt0DYnPD/q0mVJY84rA17QE26hVNOW3fAji8W2wrwrxdacWOxyXvlxWsVRcKmr+lay1MDqpAMfg=="
    "resolved" "https://registry.npmjs.org/@aws-sdk/is-array-buffer/-/is-array-buffer-3.201.0.tgz"
    "version" "3.201.0"
    dependencies:
      "tslib" "^2.3.1"
  
  "@aws-sdk/middleware-content-length@3.226.0":
    "integrity" "sha512-ksUzlHJN2JMuyavjA46a4sctvnrnITqt2tbGGWWrAuXY1mel2j+VbgnmJUiwHKUO6bTFBBeft5Vd1TSOb4JmiA=="
    "resolved" "https://registry.npmjs.org/@aws-sdk/middleware-content-length/-/middleware-content-length-3.226.0.tgz"
    "version" "3.226.0"
    dependencies:
      "@aws-sdk/protocol-http" "3.226.0"
      "@aws-sdk/types" "3.226.0"
      "tslib" "^2.3.1"
  
  "@aws-sdk/middleware-endpoint@3.226.0":
    "integrity" "sha512-EvLFafjtUxTT0AC9p3aBQu1/fjhWdIeK58jIXaNFONfZ3F8QbEYUPuF/SqZvJM6cWfOO9qwYKkRDbCSTYhprIg=="
    "resolved" "https://registry.npmjs.org/@aws-sdk/middleware-endpoint/-/middleware-endpoint-3.226.0.tgz"
    "version" "3.226.0"
    dependencies:
      "@aws-sdk/middleware-serde" "3.226.0"
      "@aws-sdk/protocol-http" "3.226.0"
      "@aws-sdk/signature-v4" "3.226.0"
      "@aws-sdk/types" "3.226.0"
      "@aws-sdk/url-parser" "3.226.0"
      "@aws-sdk/util-config-provider" "3.208.0"
      "@aws-sdk/util-middleware" "3.226.0"
      "tslib" "^2.3.1"
  
  "@aws-sdk/middleware-host-header@3.226.0":
    "integrity" "sha512-haVkWVh6BUPwKgWwkL6sDvTkcZWvJjv8AgC8jiQuSl8GLZdzHTB8Qhi3IsfFta9HAuoLjxheWBE5Z/L0UrfhLA=="
    "resolved" "https://registry.npmjs.org/@aws-sdk/middleware-host-header/-/middleware-host-header-3.226.0.tgz"
    "version" "3.226.0"
    dependencies:
      "@aws-sdk/protocol-http" "3.226.0"
      "@aws-sdk/types" "3.226.0"
      "tslib" "^2.3.1"
  
  "@aws-sdk/middleware-logger@3.226.0":
    "integrity" "sha512-m9gtLrrYnpN6yckcQ09rV7ExWOLMuq8mMPF/K3DbL/YL0TuILu9i2T1W+JuxSX+K9FMG2HrLAKivE/kMLr55xA=="
    "resolved" "https://registry.npmjs.org/@aws-sdk/middleware-logger/-/middleware-logger-3.226.0.tgz"
    "version" "3.226.0"
    dependencies:
      "@aws-sdk/types" "3.226.0"
      "tslib" "^2.3.1"
  
  "@aws-sdk/middleware-recursion-detection@3.226.0":
    "integrity" "sha512-mwRbdKEUeuNH5TEkyZ5FWxp6bL2UC1WbY+LDv6YjHxmSMKpAoOueEdtU34PqDOLrpXXxIGHDFmjeGeMfktyEcA=="
    "resolved" "https://registry.npmjs.org/@aws-sdk/middleware-recursion-detection/-/middleware-recursion-detection-3.226.0.tgz"
    "version" "3.226.0"
    dependencies:
      "@aws-sdk/protocol-http" "3.226.0"
      "@aws-sdk/types" "3.226.0"
      "tslib" "^2.3.1"
  
  "@aws-sdk/middleware-retry@3.235.0":
    "integrity" "sha512-50WHbJGpD3SNp9763MAlHqIhXil++JdQbKejNpHg7HsJne/ao3ub+fDOfx//mMBjpzBV25BGd5UlfL6blrClSg=="
    "resolved" "https://registry.npmjs.org/@aws-sdk/middleware-retry/-/middleware-retry-3.235.0.tgz"
    "version" "3.235.0"
    dependencies:
      "@aws-sdk/protocol-http" "3.226.0"
      "@aws-sdk/service-error-classification" "3.229.0"
      "@aws-sdk/types" "3.226.0"
      "@aws-sdk/util-middleware" "3.226.0"
      "@aws-sdk/util-retry" "3.229.0"
      "tslib" "^2.3.1"
      "uuid" "^8.3.2"
  
  "@aws-sdk/middleware-sdk-sts@3.226.0":
    "integrity" "sha512-NN9T/qoSD1kZvAT+VLny3NnlqgylYQcsgV3rvi/8lYzw/G/2s8VS6sm/VTWGGZhx08wZRv20MWzYu3bftcyqUg=="
    "resolved" "https://registry.npmjs.org/@aws-sdk/middleware-sdk-sts/-/middleware-sdk-sts-3.226.0.tgz"
    "version" "3.226.0"
    dependencies:
      "@aws-sdk/middleware-signing" "3.226.0"
      "@aws-sdk/property-provider" "3.226.0"
      "@aws-sdk/protocol-http" "3.226.0"
      "@aws-sdk/signature-v4" "3.226.0"
      "@aws-sdk/types" "3.226.0"
      "tslib" "^2.3.1"
  
  "@aws-sdk/middleware-serde@3.226.0":
    "integrity" "sha512-nPuOOAkSfx9TxzdKFx0X2bDlinOxGrqD7iof926K/AEflxGD1DBdcaDdjlYlPDW2CVE8LV/rAgbYuLxh/E/1VA=="
    "resolved" "https://registry.npmjs.org/@aws-sdk/middleware-serde/-/middleware-serde-3.226.0.tgz"
    "version" "3.226.0"
    dependencies:
      "@aws-sdk/types" "3.226.0"
      "tslib" "^2.3.1"
  
  "@aws-sdk/middleware-signing@3.226.0":
    "integrity" "sha512-E6HmtPcl+IjYDDzi1xI2HpCbBq2avNWcjvCriMZWuTAtRVpnA6XDDGW5GY85IfS3A8G8vuWqEVPr8JcYUcjfew=="
    "resolved" "https://registry.npmjs.org/@aws-sdk/middleware-signing/-/middleware-signing-3.226.0.tgz"
    "version" "3.226.0"
    dependencies:
      "@aws-sdk/property-provider" "3.226.0"
      "@aws-sdk/protocol-http" "3.226.0"
      "@aws-sdk/signature-v4" "3.226.0"
      "@aws-sdk/types" "3.226.0"
      "@aws-sdk/util-middleware" "3.226.0"
      "tslib" "^2.3.1"
  
  "@aws-sdk/middleware-stack@3.226.0":
    "integrity" "sha512-85wF29LvPvpoed60fZGDYLwv1Zpd/cM0C22WSSFPw1SSJeqO4gtFYyCg2squfT3KI6kF43IIkOCJ+L7GtryPug=="
    "resolved" "https://registry.npmjs.org/@aws-sdk/middleware-stack/-/middleware-stack-3.226.0.tgz"
    "version" "3.226.0"
    dependencies:
      "tslib" "^2.3.1"
  
  "@aws-sdk/middleware-user-agent@3.226.0":
    "integrity" "sha512-N1WnfzCW1Y5yWhVAphf8OPGTe8Df3vmV7/LdsoQfmpkCZgLZeK2o0xITkUQhRj1mbw7yp8tVFLFV3R2lMurdAQ=="
    "resolved" "https://registry.npmjs.org/@aws-sdk/middleware-user-agent/-/middleware-user-agent-3.226.0.tgz"
    "version" "3.226.0"
    dependencies:
      "@aws-sdk/protocol-http" "3.226.0"
      "@aws-sdk/types" "3.226.0"
      "tslib" "^2.3.1"
  
  "@aws-sdk/node-config-provider@3.226.0":
    "integrity" "sha512-B8lQDqiRk7X5izFEUMXmi8CZLOKCTWQJU9HQf3ako+sF0gexo4nHN3jhoRWyLtcgC5S3on/2jxpAcqtm7kuY3w=="
    "resolved" "https://registry.npmjs.org/@aws-sdk/node-config-provider/-/node-config-provider-3.226.0.tgz"
    "version" "3.226.0"
    dependencies:
      "@aws-sdk/property-provider" "3.226.0"
      "@aws-sdk/shared-ini-file-loader" "3.226.0"
      "@aws-sdk/types" "3.226.0"
      "tslib" "^2.3.1"
  
  "@aws-sdk/node-http-handler@3.226.0":
    "integrity" "sha512-xQCddnZNMiPmjr3W7HYM+f5ir4VfxgJh37eqZwX6EZmyItFpNNeVzKUgA920ka1VPz/ZUYB+2OFGiX3LCLkkaA=="
    "resolved" "https://registry.npmjs.org/@aws-sdk/node-http-handler/-/node-http-handler-3.226.0.tgz"
    "version" "3.226.0"
    dependencies:
      "@aws-sdk/abort-controller" "3.226.0"
      "@aws-sdk/protocol-http" "3.226.0"
      "@aws-sdk/querystring-builder" "3.226.0"
      "@aws-sdk/types" "3.226.0"
      "tslib" "^2.3.1"
  
  "@aws-sdk/property-provider@3.226.0":
    "integrity" "sha512-TsljjG+Sg0LmdgfiAlWohluWKnxB/k8xenjeozZfzOr5bHmNHtdbWv6BtNvD/R83hw7SFXxbJHlD5H4u9p2NFg=="
    "resolved" "https://registry.npmjs.org/@aws-sdk/property-provider/-/property-provider-3.226.0.tgz"
    "version" "3.226.0"
    dependencies:
      "@aws-sdk/types" "3.226.0"
      "tslib" "^2.3.1"
  
  "@aws-sdk/protocol-http@3.226.0":
    "integrity" "sha512-zWkVqiTA9RXL6y0hhfZc9bcU4DX2NI6Hw9IhQmSPeM59mdbPjJlY4bLlMr5YxywqO3yQ/ylNoAfrEzrDjlOSRg=="
    "resolved" "https://registry.npmjs.org/@aws-sdk/protocol-http/-/protocol-http-3.226.0.tgz"
    "version" "3.226.0"
    dependencies:
      "@aws-sdk/types" "3.226.0"
      "tslib" "^2.3.1"
  
  "@aws-sdk/querystring-builder@3.226.0":
    "integrity" "sha512-LVurypuNeotO4lmirKXRC4NYrZRAyMJXuwO0f2a5ZAUJCjauwYrifKue6yCfU7bls7gut7nfcR6B99WBYpHs3g=="
    "resolved" "https://registry.npmjs.org/@aws-sdk/querystring-builder/-/querystring-builder-3.226.0.tgz"
    "version" "3.226.0"
    dependencies:
      "@aws-sdk/types" "3.226.0"
      "@aws-sdk/util-uri-escape" "3.201.0"
      "tslib" "^2.3.1"
  
  "@aws-sdk/querystring-parser@3.226.0":
    "integrity" "sha512-FzB+VrQ47KAFxiPt2YXrKZ8AOLZQqGTLCKHzx4bjxGmwgsjV8yIbtJiJhZLMcUQV4LtGeIY9ixIqQhGvnZHE4A=="
    "resolved" "https://registry.npmjs.org/@aws-sdk/querystring-parser/-/querystring-parser-3.226.0.tgz"
    "version" "3.226.0"
    dependencies:
      "@aws-sdk/types" "3.226.0"
      "tslib" "^2.3.1"
  
  "@aws-sdk/service-error-classification@3.229.0":
    "integrity" "sha512-dnzWWQ0/NoWMUZ5C0DW3dPm0wC1O76Y/SpKbuJzWPkx1EYy6r8p32Ly4D9vUzrKDbRGf48YHIF2kOkBmu21CLg=="
    "resolved" "https://registry.npmjs.org/@aws-sdk/service-error-classification/-/service-error-classification-3.229.0.tgz"
    "version" "3.229.0"
  
  "@aws-sdk/shared-ini-file-loader@3.226.0":
    "integrity" "sha512-661VQefsARxVyyV2FX9V61V+nNgImk7aN2hYlFKla6BCwZfMng+dEtD0xVGyg1PfRw0qvEv5LQyxMVgHcUSevA=="
    "resolved" "https://registry.npmjs.org/@aws-sdk/shared-ini-file-loader/-/shared-ini-file-loader-3.226.0.tgz"
    "version" "3.226.0"
    dependencies:
      "@aws-sdk/types" "3.226.0"
      "tslib" "^2.3.1"
  
  "@aws-sdk/signature-v4@3.226.0":
    "integrity" "sha512-/R5q5agdPd7HJB68XMzpxrNPk158EHUvkFkuRu5Qf3kkkHebEzWEBlWoVpUe6ss4rP9Tqcue6xPuaftEmhjpYw=="
    "resolved" "https://registry.npmjs.org/@aws-sdk/signature-v4/-/signature-v4-3.226.0.tgz"
    "version" "3.226.0"
    dependencies:
      "@aws-sdk/is-array-buffer" "3.201.0"
      "@aws-sdk/types" "3.226.0"
      "@aws-sdk/util-hex-encoding" "3.201.0"
      "@aws-sdk/util-middleware" "3.226.0"
      "@aws-sdk/util-uri-escape" "3.201.0"
      "tslib" "^2.3.1"
  
  "@aws-sdk/smithy-client@3.234.0":
    "integrity" "sha512-8AtR/k4vsFvjXeQbIzq/Wy7Nbk48Ou0wUEeVYPHWHPSU8QamFWORkOwmKtKMfHAyZvmqiAPeQqHFkq+UJhWyyQ=="
    "resolved" "https://registry.npmjs.org/@aws-sdk/smithy-client/-/smithy-client-3.234.0.tgz"
    "version" "3.234.0"
    dependencies:
      "@aws-sdk/middleware-stack" "3.226.0"
      "@aws-sdk/types" "3.226.0"
      "tslib" "^2.3.1"
  
  "@aws-sdk/token-providers@3.236.0":
    "integrity" "sha512-gmHuWuQgl6+2UfdbOvtsns/byZQnPGjyQ88/SlKgnX2EcDd31ENb8wRa9gfIEwvx6rTB2ve1NAhuliydB9AomQ=="
    "resolved" "https://registry.npmjs.org/@aws-sdk/token-providers/-/token-providers-3.236.0.tgz"
    "version" "3.236.0"
    dependencies:
      "@aws-sdk/client-sso-oidc" "3.236.0"
      "@aws-sdk/property-provider" "3.226.0"
      "@aws-sdk/shared-ini-file-loader" "3.226.0"
      "@aws-sdk/types" "3.226.0"
      "tslib" "^2.3.1"
  
  "@aws-sdk/types@^3.1.0", "@aws-sdk/types@^3.110.0", "@aws-sdk/types@3.226.0":
    "integrity" "sha512-MmmNHrWeO4man7wpOwrAhXlevqtOV9ZLcH4RhnG5LmRce0RFOApx24HoKENfFCcOyCm5LQBlsXCqi0dZWDWU0A=="
    "resolved" "https://registry.npmjs.org/@aws-sdk/types/-/types-3.226.0.tgz"
    "version" "3.226.0"
    dependencies:
      "tslib" "^2.3.1"
  
  "@aws-sdk/url-parser@3.226.0":
    "integrity" "sha512-p5RLE0QWyP0OcTOLmFcLdVgUcUEzmEfmdrnOxyNzomcYb0p3vUagA5zfa1HVK2azsQJFBv28GfvMnba9bGhObg=="
    "resolved" "https://registry.npmjs.org/@aws-sdk/url-parser/-/url-parser-3.226.0.tgz"
    "version" "3.226.0"
    dependencies:
      "@aws-sdk/querystring-parser" "3.226.0"
      "@aws-sdk/types" "3.226.0"
      "tslib" "^2.3.1"
  
  "@aws-sdk/util-base64@3.208.0":
    "integrity" "sha512-PQniZph5A6N7uuEOQi+1hnMz/FSOK/8kMFyFO+4DgA1dZ5pcKcn5wiFwHkcTb/BsgVqQa3Jx0VHNnvhlS8JyTg=="
    "resolved" "https://registry.npmjs.org/@aws-sdk/util-base64/-/util-base64-3.208.0.tgz"
    "version" "3.208.0"
    dependencies:
      "@aws-sdk/util-buffer-from" "3.208.0"
      "tslib" "^2.3.1"
  
  "@aws-sdk/util-body-length-browser@3.188.0":
    "integrity" "sha512-8VpnwFWXhnZ/iRSl9mTf+VKOX9wDE8QtN4bj9pBfxwf90H1X7E8T6NkiZD3k+HubYf2J94e7DbeHs7fuCPW5Qg=="
    "resolved" "https://registry.npmjs.org/@aws-sdk/util-body-length-browser/-/util-body-length-browser-3.188.0.tgz"
    "version" "3.188.0"
    dependencies:
      "tslib" "^2.3.1"
  
  "@aws-sdk/util-body-length-node@3.208.0":
    "integrity" "sha512-3zj50e5g7t/MQf53SsuuSf0hEELzMtD8RX8C76f12OSRo2Bca4FLLYHe0TZbxcfQHom8/hOaeZEyTyMogMglqg=="
    "resolved" "https://registry.npmjs.org/@aws-sdk/util-body-length-node/-/util-body-length-node-3.208.0.tgz"
    "version" "3.208.0"
    dependencies:
      "tslib" "^2.3.1"
  
  "@aws-sdk/util-buffer-from@3.208.0":
    "integrity" "sha512-7L0XUixNEFcLUGPeBF35enCvB9Xl+K6SQsmbrPk1P3mlV9mguWSDQqbOBwY1Ir0OVbD6H/ZOQU7hI/9RtRI0Zw=="
    "resolved" "https://registry.npmjs.org/@aws-sdk/util-buffer-from/-/util-buffer-from-3.208.0.tgz"
    "version" "3.208.0"
    dependencies:
      "@aws-sdk/is-array-buffer" "3.201.0"
      "tslib" "^2.3.1"
  
  "@aws-sdk/util-config-provider@3.208.0":
    "integrity" "sha512-DSRqwrERUsT34ug+anlMBIFooBEGwM8GejC7q00Y/9IPrQy50KnG5PW2NiTjuLKNi7pdEOlwTSEocJE15eDZIg=="
    "resolved" "https://registry.npmjs.org/@aws-sdk/util-config-provider/-/util-config-provider-3.208.0.tgz"
    "version" "3.208.0"
    dependencies:
      "tslib" "^2.3.1"
  
  "@aws-sdk/util-defaults-mode-browser@3.234.0":
    "integrity" "sha512-IHMKXjTbOD8XMz5+2oCOsVP94BYb9YyjXdns0aAXr2NAo7k2+RCzXQ2DebJXppGda1F6opFutoKwyVSN0cmbMw=="
    "resolved" "https://registry.npmjs.org/@aws-sdk/util-defaults-mode-browser/-/util-defaults-mode-browser-3.234.0.tgz"
    "version" "3.234.0"
    dependencies:
      "@aws-sdk/property-provider" "3.226.0"
      "@aws-sdk/types" "3.226.0"
      "bowser" "^2.11.0"
      "tslib" "^2.3.1"
  
  "@aws-sdk/util-defaults-mode-node@3.234.0":
    "integrity" "sha512-UGjQ+OjBYYhxFVtUY+jtr0ZZgzZh6OHtYwRhFt8IHewJXFCfZTyfsbX20szBj5y1S4HRIUJ7cwBLIytTqMbI5w=="
    "resolved" "https://registry.npmjs.org/@aws-sdk/util-defaults-mode-node/-/util-defaults-mode-node-3.234.0.tgz"
    "version" "3.234.0"
    dependencies:
      "@aws-sdk/config-resolver" "3.234.0"
      "@aws-sdk/credential-provider-imds" "3.226.0"
      "@aws-sdk/node-config-provider" "3.226.0"
      "@aws-sdk/property-provider" "3.226.0"
      "@aws-sdk/types" "3.226.0"
      "tslib" "^2.3.1"
  
  "@aws-sdk/util-endpoints@3.226.0":
    "integrity" "sha512-iqOkac/zLmyPBUJd7SLN0PeZMkOmlGgD5PHmmekTClOkce2eUjK9SNX1PzL73aXPoPTyhg9QGLH8uEZEQ8YUzg=="
    "resolved" "https://registry.npmjs.org/@aws-sdk/util-endpoints/-/util-endpoints-3.226.0.tgz"
    "version" "3.226.0"
    dependencies:
      "@aws-sdk/types" "3.226.0"
      "tslib" "^2.3.1"
  
  "@aws-sdk/util-hex-encoding@3.201.0":
    "integrity" "sha512-7t1vR1pVxKx0motd3X9rI3m/xNp78p3sHtP5yo4NP4ARpxyJ0fokBomY8ScaH2D/B+U5o9ARxldJUdMqyBlJcA=="
    "resolved" "https://registry.npmjs.org/@aws-sdk/util-hex-encoding/-/util-hex-encoding-3.201.0.tgz"
    "version" "3.201.0"
    dependencies:
      "tslib" "^2.3.1"
  
  "@aws-sdk/util-locate-window@^3.0.0":
    "integrity" "sha512-iua1A2+P7JJEDHVgvXrRJSvsnzG7stYSGQnBVphIUlemwl6nN5D+QrgbjECtrbxRz8asYFHSzhdhECqN+tFiBg=="
    "resolved" "https://registry.npmjs.org/@aws-sdk/util-locate-window/-/util-locate-window-3.208.0.tgz"
    "version" "3.208.0"
    dependencies:
      "tslib" "^2.3.1"
  
  "@aws-sdk/util-middleware@3.226.0":
    "integrity" "sha512-B96CQnwX4gRvQdaQkdUtqvDPkrptV5+va6FVeJOocU/DbSYMAScLxtR3peMS8cnlOT6nL1Eoa42OI9AfZz1VwQ=="
    "resolved" "https://registry.npmjs.org/@aws-sdk/util-middleware/-/util-middleware-3.226.0.tgz"
    "version" "3.226.0"
    dependencies:
      "tslib" "^2.3.1"
  
  "@aws-sdk/util-retry@3.229.0":
    "integrity" "sha512-0zKTqi0P1inD0LzIMuXRIYYQ/8c1lWMg/cfiqUcIAF1TpatlpZuN7umU0ierpBFud7S+zDgg0oemh+Nj8xliJw=="
    "resolved" "https://registry.npmjs.org/@aws-sdk/util-retry/-/util-retry-3.229.0.tgz"
    "version" "3.229.0"
    dependencies:
      "@aws-sdk/service-error-classification" "3.229.0"
      "tslib" "^2.3.1"
  
  "@aws-sdk/util-uri-escape@3.201.0":
    "integrity" "sha512-TeTWbGx4LU2c5rx0obHeDFeO9HvwYwQtMh1yniBz00pQb6Qt6YVOETVQikRZ+XRQwEyCg/dA375UplIpiy54mA=="
    "resolved" "https://registry.npmjs.org/@aws-sdk/util-uri-escape/-/util-uri-escape-3.201.0.tgz"
    "version" "3.201.0"
    dependencies:
      "tslib" "^2.3.1"
  
  "@aws-sdk/util-user-agent-browser@3.226.0":
    "integrity" "sha512-PhBIu2h6sPJPcv2I7ELfFizdl5pNiL4LfxrasMCYXQkJvVnoXztHA1x+CQbXIdtZOIlpjC+6BjDcE0uhnpvfcA=="
    "resolved" "https://registry.npmjs.org/@aws-sdk/util-user-agent-browser/-/util-user-agent-browser-3.226.0.tgz"
    "version" "3.226.0"
    dependencies:
      "@aws-sdk/types" "3.226.0"
      "bowser" "^2.11.0"
      "tslib" "^2.3.1"
  
  "@aws-sdk/util-user-agent-node@3.226.0":
    "integrity" "sha512-othPc5Dz/pkYkxH+nZPhc1Al0HndQT8zHD4e9h+EZ+8lkd8n+IsnLfTS/mSJWrfiC6UlNRVw55cItstmJyMe/A=="
    "resolved" "https://registry.npmjs.org/@aws-sdk/util-user-agent-node/-/util-user-agent-node-3.226.0.tgz"
    "version" "3.226.0"
    dependencies:
      "@aws-sdk/node-config-provider" "3.226.0"
      "@aws-sdk/types" "3.226.0"
      "tslib" "^2.3.1"
  
  "@aws-sdk/util-utf8-browser@^3.0.0", "@aws-sdk/util-utf8-browser@3.188.0":
    "integrity" "sha512-jt627x0+jE+Ydr9NwkFstg3cUvgWh56qdaqAMDsqgRlKD21md/6G226z/Qxl7lb1VEW2LlmCx43ai/37Qwcj2Q=="
    "resolved" "https://registry.npmjs.org/@aws-sdk/util-utf8-browser/-/util-utf8-browser-3.188.0.tgz"
    "version" "3.188.0"
    dependencies:
      "tslib" "^2.3.1"
  
  "@aws-sdk/util-utf8-node@3.208.0":
    "integrity" "sha512-jKY87Acv0yWBdFxx6bveagy5FYjz+dtV8IPT7ay1E2WPWH1czoIdMAkc8tSInK31T6CRnHWkLZ1qYwCbgRfERQ=="
    "resolved" "https://registry.npmjs.org/@aws-sdk/util-utf8-node/-/util-utf8-node-3.208.0.tgz"
    "version" "3.208.0"
    dependencies:
      "@aws-sdk/util-buffer-from" "3.208.0"
      "tslib" "^2.3.1"
  
  "@cspotcode/source-map-support@^0.8.0":
    "integrity" "sha512-IchNf6dN4tHoMFIn/7OE8LWZ19Y6q/67Bmf6vnGREv8RSbBVb9LPJxEcnwrcwX6ixSvaiGoomAUvu4YSxXrVgw=="
    "resolved" "https://registry.npmjs.org/@cspotcode/source-map-support/-/source-map-support-0.8.1.tgz"
    "version" "0.8.1"
    dependencies:
      "@jridgewell/trace-mapping" "0.3.9"
  
  "@jridgewell/resolve-uri@^3.0.3":
    "integrity" "sha512-F2msla3tad+Mfht5cJq7LSXcdudKTWCVYUgw6pLFOOHSTtZlj6SWNYAp+AhuqLmWdBO2X5hPrLcu8cVP8fy28w=="
    "resolved" "https://registry.npmjs.org/@jridgewell/resolve-uri/-/resolve-uri-3.1.0.tgz"
    "version" "3.1.0"
  
  "@jridgewell/sourcemap-codec@^1.4.10":
    "integrity" "sha512-XPSJHWmi394fuUuzDnGz1wiKqWfo1yXecHQMRf2l6hztTO+nPru658AyDngaBe7isIxEkRsPR3FZh+s7iVa4Uw=="
    "resolved" "https://registry.npmjs.org/@jridgewell/sourcemap-codec/-/sourcemap-codec-1.4.14.tgz"
    "version" "1.4.14"
  
  "@jridgewell/trace-mapping@0.3.9":
    "integrity" "sha512-3Belt6tdc8bPgAtbcmdtNJlirVoTmEb5e2gC94PnkwEW9jI6CAHUeoG85tjWP5WquqfavoMtMwiG4P926ZKKuQ=="
    "resolved" "https://registry.npmjs.org/@jridgewell/trace-mapping/-/trace-mapping-0.3.9.tgz"
    "version" "0.3.9"
    dependencies:
      "@jridgewell/resolve-uri" "^3.0.3"
      "@jridgewell/sourcemap-codec" "^1.4.10"
  
  "@tsconfig/node10@^1.0.7":
    "integrity" "sha512-jNsYVVxU8v5g43Erja32laIDHXeoNvFEpX33OK4d6hljo3jDhCBDhx5dhCCTMWUojscpAagGiRkBKxpdl9fxqA=="
    "resolved" "https://registry.npmjs.org/@tsconfig/node10/-/node10-1.0.9.tgz"
    "version" "1.0.9"
  
  "@tsconfig/node12@^1.0.7":
    "integrity" "sha512-cqefuRsh12pWyGsIoBKJA9luFu3mRxCA+ORZvA4ktLSzIuCUtWVxGIuXigEwO5/ywWFMZ2QEGKWvkZG1zDMTag=="
    "resolved" "https://registry.npmjs.org/@tsconfig/node12/-/node12-1.0.11.tgz"
    "version" "1.0.11"
  
  "@tsconfig/node14@^1.0.0":
    "integrity" "sha512-ysT8mhdixWK6Hw3i1V2AeRqZ5WfXg1G43mqoYlM2nc6388Fq5jcXyr5mRsqViLx/GJYdoL0bfXD8nmF+Zn/Iow=="
    "resolved" "https://registry.npmjs.org/@tsconfig/node14/-/node14-1.0.3.tgz"
    "version" "1.0.3"
  
  "@tsconfig/node16@^1.0.2":
    "integrity" "sha512-yOlFc+7UtL/89t2ZhjPvvB/DeAr3r+Dq58IgzsFkOAvVC6NMJXmCGjbptdXdR9qsX7pKcTL+s87FtYREi2dEEQ=="
    "resolved" "https://registry.npmjs.org/@tsconfig/node16/-/node16-1.0.3.tgz"
    "version" "1.0.3"
  
  "@types/body-parser@*":
    "integrity" "sha512-ALYone6pm6QmwZoAgeyNksccT9Q4AWZQ6PvfwR37GT6r6FWUPguq6sUmNGSMV2Wr761oQoBxwGGa6DR5o1DC9g=="
    "resolved" "https://registry.npmjs.org/@types/body-parser/-/body-parser-1.19.2.tgz"
    "version" "1.19.2"
    dependencies:
      "@types/connect" "*"
      "@types/node" "*"
  
  "@types/connect@*":
    "integrity" "sha512-cdeYyv4KWoEgpBISTxWvqYsVy444DOqehiF3fM3ne10AmJ62RSyNkUnxMJXHQWRQQX2eR94m5y1IZyDwBjV9FQ=="
    "resolved" "https://registry.npmjs.org/@types/connect/-/connect-3.4.35.tgz"
    "version" "3.4.35"
    dependencies:
      "@types/node" "*"
  
  "@types/cors@^2.8.13":
    "integrity" "sha512-RG8AStHlUiV5ysZQKq97copd2UmVYw3/pRMLefISZ3S1hK104Cwm7iLQ3fTKx+lsUH2CE8FlLaYeEA2LSeqYUA=="
    "resolved" "https://registry.npmjs.org/@types/cors/-/cors-2.8.13.tgz"
    "version" "2.8.13"
    dependencies:
      "@types/node" "*"
  
  "@types/express-serve-static-core@^4.17.31":
    "integrity" "sha512-DxMhY+NAsTwMMFHBTtJFNp5qiHKJ7TeqOo23zVEM9alT1Ml27Q3xcTH0xwxn7Q0BbMcVEJOs/7aQtUWupUQN3Q=="
    "resolved" "https://registry.npmjs.org/@types/express-serve-static-core/-/express-serve-static-core-4.17.31.tgz"
    "version" "4.17.31"
    dependencies:
      "@types/node" "*"
      "@types/qs" "*"
      "@types/range-parser" "*"
  
  "@types/express@^4.17.15":
    "integrity" "sha512-Yv0k4bXGOH+8a+7bELd2PqHQsuiANB+A8a4gnQrkRWzrkKlb6KHaVvyXhqs04sVW/OWlbPyYxRgYlIXLfrufMQ=="
    "resolved" "https://registry.npmjs.org/@types/express/-/express-4.17.15.tgz"
    "version" "4.17.15"
    dependencies:
      "@types/body-parser" "*"
      "@types/express-serve-static-core" "^4.17.31"
      "@types/qs" "*"
      "@types/serve-static" "*"
  
  "@types/mime@*":
    "integrity" "sha512-Y4XFY5VJAuw0FgAqPNd6NNoV44jbq9Bz2L7Rh/J6jLTiHBSBJa9fxqQIvkIld4GsoDOcCbvzOUAbLPsSKKg+uA=="
    "resolved" "https://registry.npmjs.org/@types/mime/-/mime-3.0.1.tgz"
    "version" "3.0.1"
  
  "@types/morgan@^1.9.3":
    "integrity" "sha512-BiLcfVqGBZCyNCnCH3F4o2GmDLrpy0HeBVnNlyZG4fo88ZiE9SoiBe3C+2ezuwbjlEyT+PDZ17//TAlRxAn75Q=="
    "resolved" "https://registry.npmjs.org/@types/morgan/-/morgan-1.9.3.tgz"
    "version" "1.9.3"
    dependencies:
      "@types/node" "*"
  
  "@types/node@*", "@types/node@^18.11.17":
    "integrity" "sha512-HJSUJmni4BeDHhfzn6nF0sVmd1SMezP7/4F0Lq+aXzmp2xm9O7WXrUtHW/CHlYVtZUbByEvWidHqRtcJXGF2Ng=="
    "resolved" "https://registry.npmjs.org/@types/node/-/node-18.11.17.tgz"
    "version" "18.11.17"
  
  "@types/qs@*":
    "integrity" "sha512-FGa1F62FT09qcrueBA6qYTrJPVDzah9a+493+o2PCXsesWHIn27G98TsSMs3WPNbZIEj4+VJf6saSFpvD+3Zsw=="
    "resolved" "https://registry.npmjs.org/@types/qs/-/qs-6.9.7.tgz"
    "version" "6.9.7"
  
  "@types/range-parser@*":
    "integrity" "sha512-EEhsLsD6UsDM1yFhAvy0Cjr6VwmpMWqFBCb9w07wVugF7w9nfajxLuVmngTIpgS6svCnm6Vaw+MZhoDCKnOfsw=="
    "resolved" "https://registry.npmjs.org/@types/range-parser/-/range-parser-1.2.4.tgz"
    "version" "1.2.4"
  
  "@types/serve-static@*":
    "integrity" "sha512-z5xyF6uh8CbjAu9760KDKsH2FcDxZ2tFCsA4HIMWE6IkiYMXfVoa+4f9KX+FN0ZLsaMw1WNG2ETLA6N+/YA+cg=="
    "resolved" "https://registry.npmjs.org/@types/serve-static/-/serve-static-1.15.0.tgz"
    "version" "1.15.0"
    dependencies:
      "@types/mime" "*"
      "@types/node" "*"
  
  "@types/strip-bom@^3.0.0":
    "integrity" "sha512-xevGOReSYGM7g/kUBZzPqCrR/KYAo+F0yiPc85WFTJa0MSLtyFTVTU6cJu/aV4mid7IffDIWqo69THF2o4JiEQ=="
    "resolved" "https://registry.npmjs.org/@types/strip-bom/-/strip-bom-3.0.0.tgz"
    "version" "3.0.0"
  
  "@types/strip-json-comments@0.0.30":
    "integrity" "sha512-7NQmHra/JILCd1QqpSzl8+mJRc8ZHz3uDm8YV1Ks9IhK0epEiTw8aIErbvH9PI+6XbqhyIQy3462nEsn7UVzjQ=="
    "resolved" "https://registry.npmjs.org/@types/strip-json-comments/-/strip-json-comments-0.0.30.tgz"
    "version" "0.0.30"
  
  "@types/webidl-conversions@*":
    "integrity" "sha512-xTE1E+YF4aWPJJeUzaZI5DRntlkY3+BCVJi0axFptnjGmAoWxkyREIh/XMrfxVLejwQxMCfDXdICo0VLxThrog=="
    "resolved" "https://registry.npmjs.org/@types/webidl-conversions/-/webidl-conversions-7.0.0.tgz"
    "version" "7.0.0"
  
  "@types/whatwg-url@^8.2.1":
    "integrity" "sha512-FtQu10RWgn3D9U4aazdwIE2yzphmTJREDqNdODHrbrZmmMqI0vMheC/6NE/J1Yveaj8H+ela+YwWTjq5PGmuhA=="
    "resolved" "https://registry.npmjs.org/@types/whatwg-url/-/whatwg-url-8.2.2.tgz"
    "version" "8.2.2"
    dependencies:
      "@types/node" "*"
      "@types/webidl-conversions" "*"
  
  "accepts@~1.3.8":
    "integrity" "sha512-PYAthTa2m2VKxuvSD3DPC/Gy+U+sOA1LAuT8mkmRuvw+NACSaeXEQ+NHcVF7rONl6qcaxV3Uuemwawk+7+SJLw=="
    "resolved" "https://registry.npmjs.org/accepts/-/accepts-1.3.8.tgz"
    "version" "1.3.8"
    dependencies:
      "mime-types" "~2.1.34"
      "negotiator" "0.6.3"
  
  "acorn-walk@^8.1.1":
    "integrity" "sha512-k+iyHEuPgSw6SbuDpGQM+06HQUa04DZ3o+F6CSzXMvvI5KMvnaEqXe+YVe555R9nn6GPt404fos4wcgpw12SDA=="
    "resolved" "https://registry.npmjs.org/acorn-walk/-/acorn-walk-8.2.0.tgz"
    "version" "8.2.0"
  
  "acorn@^8.4.1":
    "integrity" "sha512-7zFpHzhnqYKrkYdUjF1HI1bzd0VygEGX8lFk4k5zVMqHEoES+P+7TKI+EvLO9WVMJ8eekdO0aDEK044xTXwPPA=="
    "resolved" "https://registry.npmjs.org/acorn/-/acorn-8.8.1.tgz"
    "version" "8.8.1"
  
  "anymatch@~3.1.2":
    "integrity" "sha512-KMReFUr0B4t+D+OBkjR3KYqvocp2XaSzO55UcB6mgQMd3KbcE+mWTyvVV7D/zsdEbNnV6acZUutkiHQXvTr1Rw=="
    "resolved" "https://registry.npmjs.org/anymatch/-/anymatch-3.1.3.tgz"
    "version" "3.1.3"
    dependencies:
      "normalize-path" "^3.0.0"
      "picomatch" "^2.0.4"
  
  "arg@^4.1.0":
    "integrity" "sha512-58S9QDqG0Xx27YwPSt9fJxivjYl432YCwfDMfZ+71RAqUrZef7LrKQZ3LHLOwCS4FLNBplP533Zx895SeOCHvA=="
    "resolved" "https://registry.npmjs.org/arg/-/arg-4.1.3.tgz"
    "version" "4.1.3"
  
  "array-flatten@1.1.1":
    "integrity" "sha512-PCVAQswWemu6UdxsDFFX/+gVeYqKAod3D3UVm91jHwynguOwAvYPhx8nNlM++NqRcK6CxxpUafjmhIdKiHibqg=="
    "resolved" "https://registry.npmjs.org/array-flatten/-/array-flatten-1.1.1.tgz"
    "version" "1.1.1"
  
  "balanced-match@^1.0.0":
    "integrity" "sha512-3oSeUO0TMV67hN1AmbXsK4yaqU7tjiHlbxRDZOpH0KW9+CeX4bRAaX0Anxt0tx2MrpRpWwQaPwIlISEJhYU5Pw=="
    "resolved" "https://registry.npmjs.org/balanced-match/-/balanced-match-1.0.2.tgz"
    "version" "1.0.2"
  
  "base64-js@^1.3.1":
    "integrity" "sha512-AKpaYlHn8t4SVbOHCy+b5+KKgvR4vrsD8vbvrbiQJps7fKDTkjkDry6ji0rUJjC0kzbNePLwzxq8iypo41qeWA=="
    "resolved" "https://registry.npmjs.org/base64-js/-/base64-js-1.5.1.tgz"
    "version" "1.5.1"
  
  "basic-auth@~2.0.1":
    "integrity" "sha512-NF+epuEdnUYVlGuhaxbbq+dvJttwLnGY+YixlXlME5KpQ5W3CnXA5cVTneY3SPbPDRkcjMbifrwmFYcClgOZeg=="
    "resolved" "https://registry.npmjs.org/basic-auth/-/basic-auth-2.0.1.tgz"
    "version" "2.0.1"
    dependencies:
      "safe-buffer" "5.1.2"
  
  "binary-extensions@^2.0.0":
    "integrity" "sha512-jDctJ/IVQbZoJykoeHbhXpOlNBqGNcwXJKJog42E5HDPUwQTSdjCHdihjj0DlnheQ7blbT6dHOafNAiS8ooQKA=="
    "resolved" "https://registry.npmjs.org/binary-extensions/-/binary-extensions-2.2.0.tgz"
    "version" "2.2.0"
  
  "body-parser@1.20.1":
    "integrity" "sha512-jWi7abTbYwajOytWCQc37VulmWiRae5RyTpaCyDcS5/lMdtwSz5lOpDE67srw/HYe35f1z3fDQw+3txg7gNtWw=="
    "resolved" "https://registry.npmjs.org/body-parser/-/body-parser-1.20.1.tgz"
    "version" "1.20.1"
    dependencies:
      "bytes" "3.1.2"
      "content-type" "~1.0.4"
      "debug" "2.6.9"
      "depd" "2.0.0"
      "destroy" "1.2.0"
      "http-errors" "2.0.0"
      "iconv-lite" "0.4.24"
      "on-finished" "2.4.1"
      "qs" "6.11.0"
      "raw-body" "2.5.1"
      "type-is" "~1.6.18"
      "unpipe" "1.0.0"
  
  "bowser@^2.11.0":
    "integrity" "sha512-AlcaJBi/pqqJBIQ8U9Mcpc9i8Aqxn88Skv5d+xBX006BY5u8N3mGLHa5Lgppa7L/HfwgwLgZ6NYs+Ag6uUmJRA=="
    "resolved" "https://registry.npmjs.org/bowser/-/bowser-2.11.0.tgz"
    "version" "2.11.0"
  
  "brace-expansion@^1.1.7":
    "integrity" "sha512-iCuPHDFgrHX7H2vEI/5xpz07zSHB00TpugqhmYtVmMO6518mCuRMoOYFldEBl0g187ufozdaHgWKcYFb61qGiA=="
    "resolved" "https://registry.npmjs.org/brace-expansion/-/brace-expansion-1.1.11.tgz"
    "version" "1.1.11"
    dependencies:
      "balanced-match" "^1.0.0"
      "concat-map" "0.0.1"
  
  "braces@~3.0.2":
    "integrity" "sha512-b8um+L1RzM3WDSzvhm6gIz1yfTbBt6YTlcEKAvsmqCZZFw46z626lVj9j1yEPW33H5H+lBQpZMP1k8l+78Ha0A=="
    "resolved" "https://registry.npmjs.org/braces/-/braces-3.0.2.tgz"
    "version" "3.0.2"
    dependencies:
      "fill-range" "^7.0.1"
  
  "bson@^4.7.0":
    "integrity" "sha512-VrlEE4vuiO1WTpfof4VmaVolCVYkYTgB9iWgYNOrVlnifpME/06fhFRmONgBhClD5pFC1t9ZWqFUQEQAzY43bA=="
    "resolved" "https://registry.npmjs.org/bson/-/bson-4.7.0.tgz"
    "version" "4.7.0"
    dependencies:
      "buffer" "^5.6.0"
  
  "buffer-from@^1.0.0":
    "integrity" "sha512-E+XQCRwSbaaiChtv6k6Dwgc+bx+Bs6vuKJHHl5kox/BaKbhiXzqQOwK4cO22yElGp2OCmjwVhT3HmxgyPGnJfQ=="
    "resolved" "https://registry.npmjs.org/buffer-from/-/buffer-from-1.1.2.tgz"
    "version" "1.1.2"
  
  "buffer@^5.6.0":
    "integrity" "sha512-EHcyIPBQ4BSGlvjB16k5KgAJ27CIsHY/2JBmCRReo48y9rQ3MaUzWX3KVlBa4U7MyX02HdVj0K7C3WaB3ju7FQ=="
    "resolved" "https://registry.npmjs.org/buffer/-/buffer-5.7.1.tgz"
    "version" "5.7.1"
    dependencies:
      "base64-js" "^1.3.1"
      "ieee754" "^1.1.13"
  
  "bytes@3.1.2":
    "integrity" "sha512-/Nf7TyzTx6S3yRJObOAV7956r8cr2+Oj8AC5dt8wSP3BQAoeX58NoHyCU8P8zGkNXStjTSi6fzO6F0pBdcYbEg=="
    "resolved" "https://registry.npmjs.org/bytes/-/bytes-3.1.2.tgz"
    "version" "3.1.2"
  
  "call-bind@^1.0.0":
    "integrity" "sha512-7O+FbCihrB5WGbFYesctwmTKae6rOiIzmz1icreWJ+0aA7LJfuqhEso2T9ncpcFtzMQtzXf2QGGueWJGTYsqrA=="
    "resolved" "https://registry.npmjs.org/call-bind/-/call-bind-1.0.2.tgz"
    "version" "1.0.2"
    dependencies:
      "function-bind" "^1.1.1"
      "get-intrinsic" "^1.0.2"
  
  "chokidar@^3.5.1":
    "integrity" "sha512-Dr3sfKRP6oTcjf2JmUmFJfeVMvXBdegxB0iVQ5eb2V10uFJUCAS8OByZdVAyVb8xXNz3GjjTgj9kLWsZTqE6kw=="
    "resolved" "https://registry.npmjs.org/chokidar/-/chokidar-3.5.3.tgz"
    "version" "3.5.3"
    dependencies:
      "anymatch" "~3.1.2"
      "braces" "~3.0.2"
      "glob-parent" "~5.1.2"
      "is-binary-path" "~2.1.0"
      "is-glob" "~4.0.1"
      "normalize-path" "~3.0.0"
      "readdirp" "~3.6.0"
    optionalDependencies:
      "fsevents" "~2.3.2"
  
  "concat-map@0.0.1":
    "integrity" "sha512-/Srv4dswyQNBfohGpz9o6Yb3Gz3SrUDqBH5rTuhGR7ahtlbYKnVxw2bCFMRljaA7EXHaXZ8wsHdodFvbkhKmqg=="
    "resolved" "https://registry.npmjs.org/concat-map/-/concat-map-0.0.1.tgz"
    "version" "0.0.1"
  
  "content-disposition@0.5.4":
    "integrity" "sha512-FveZTNuGw04cxlAiWbzi6zTAL/lhehaWbTtgluJh4/E95DqMwTmha3KZN1aAWA8cFIhHzMZUvLevkw5Rqk+tSQ=="
    "resolved" "https://registry.npmjs.org/content-disposition/-/content-disposition-0.5.4.tgz"
    "version" "0.5.4"
    dependencies:
      "safe-buffer" "5.2.1"
  
  "content-type@~1.0.4":
    "integrity" "sha512-hIP3EEPs8tB9AT1L+NUqtwOAps4mk2Zob89MWXMHjHWg9milF/j4osnnQLXBCBFBk/tvIG/tUc9mOUJiPBhPXA=="
    "resolved" "https://registry.npmjs.org/content-type/-/content-type-1.0.4.tgz"
    "version" "1.0.4"
  
  "cookie-signature@1.0.6":
    "integrity" "sha512-QADzlaHc8icV8I7vbaJXJwod9HWYp8uCqf1xa4OfNu1T7JVxQIrUgOWtHdNDtPiywmFbiS12VjotIXLrKM3orQ=="
    "resolved" "https://registry.npmjs.org/cookie-signature/-/cookie-signature-1.0.6.tgz"
    "version" "1.0.6"
  
  "cookie@0.5.0":
    "integrity" "sha512-YZ3GUyn/o8gfKJlnlX7g7xq4gyO6OSuhGPKaaGssGB2qgDUS0gPgtTvoyZLTt9Ab6dC4hfc9dV5arkvc/OCmrw=="
    "resolved" "https://registry.npmjs.org/cookie/-/cookie-0.5.0.tgz"
    "version" "0.5.0"
  
  "cors@^2.8.5":
    "integrity" "sha512-KIHbLJqu73RGr/hnbrO9uBeixNGuvSQjul/jdFvS/KFSIH1hWVd1ng7zOHx+YrEfInLG7q4n6GHQ9cDtxv/P6g=="
    "resolved" "https://registry.npmjs.org/cors/-/cors-2.8.5.tgz"
    "version" "2.8.5"
    dependencies:
      "object-assign" "^4"
      "vary" "^1"
  
  "create-require@^1.1.0":
    "integrity" "sha512-dcKFX3jn0MpIaXjisoRvexIJVEKzaq7z2rZKxf+MSr9TkdmHmsU4m2lcLojrj/FHl8mk5VxMmYA+ftRkP/3oKQ=="
    "resolved" "https://registry.npmjs.org/create-require/-/create-require-1.1.1.tgz"
    "version" "1.1.1"
  
  "debug@2.6.9":
    "integrity" "sha512-bC7ElrdJaJnPbAP+1EotYvqZsb3ecl5wi6Bfi6BJTUcNowp6cvspg0jXznRTKDjm/E7AdgFBVeAPVMNcKGsHMA=="
    "resolved" "https://registry.npmjs.org/debug/-/debug-2.6.9.tgz"
    "version" "2.6.9"
    dependencies:
      "ms" "2.0.0"
  
  "debug@4.x":
    "integrity" "sha512-PRWFHuSU3eDtQJPvnNY7Jcket1j0t5OuOsFzPPzsekD52Zl8qUfFIPEiswXqIvHWGVHOgX+7G/vCNNhehwxfkQ=="
    "resolved" "https://registry.npmjs.org/debug/-/debug-4.3.4.tgz"
    "version" "4.3.4"
    dependencies:
      "ms" "2.1.2"
  
  "depd@~2.0.0", "depd@2.0.0":
    "integrity" "sha512-g7nH6P6dyDioJogAAGprGpCtVImJhpPk/roCzdb3fIh61/s/nPsfR6onyMwkCAR/OlC3yBC0lESvUoQEAssIrw=="
    "resolved" "https://registry.npmjs.org/depd/-/depd-2.0.0.tgz"
    "version" "2.0.0"
  
  "destroy@1.2.0":
    "integrity" "sha512-2sJGJTaXIIaR1w4iJSNoN0hnMY7Gpc/n8D4qSCJw8QqFWXf7cuAgnEHxBpweaVcPevC2l3KpjYCx3NypQQgaJg=="
    "resolved" "https://registry.npmjs.org/destroy/-/destroy-1.2.0.tgz"
    "version" "1.2.0"
  
  "diff@^4.0.1":
    "integrity" "sha512-58lmxKSA4BNyLz+HHMUzlOEpg09FV+ev6ZMe3vJihgdxzgcwZ8VoEEPmALCZG9LmqfVoNMMKpttIYTVG6uDY7A=="
    "resolved" "https://registry.npmjs.org/diff/-/diff-4.0.2.tgz"
    "version" "4.0.2"
  
  "dotenv@^16.0.3":
    "integrity" "sha512-7GO6HghkA5fYG9TYnNxi14/7K9f5occMlp3zXAuSxn7CKCxt9xbNWG7yF8hTCSUchlfWSe3uLmlPfigevRItzQ=="
    "resolved" "https://registry.npmjs.org/dotenv/-/dotenv-16.0.3.tgz"
    "version" "16.0.3"
  
  "dynamic-dedupe@^0.3.0":
    "integrity" "sha512-ssuANeD+z97meYOqd50e04Ze5qp4bPqo8cCkI4TRjZkzAUgIDTrXV1R8QCdINpiI+hw14+rYazvTRdQrz0/rFQ=="
    "resolved" "https://registry.npmjs.org/dynamic-dedupe/-/dynamic-dedupe-0.3.0.tgz"
    "version" "0.3.0"
    dependencies:
      "xtend" "^4.0.0"
  
  "ee-first@1.1.1":
    "integrity" "sha512-WMwm9LhRUo+WUaRN+vRuETqG89IgZphVSNkdFgeb6sS/E4OrDIN7t48CAewSHXc6C8lefD8KKfr5vY61brQlow=="
    "resolved" "https://registry.npmjs.org/ee-first/-/ee-first-1.1.1.tgz"
    "version" "1.1.1"
  
  "encodeurl@~1.0.2":
    "integrity" "sha512-TPJXq8JqFaVYm2CWmPvnP2Iyo4ZSM7/QKcSmuMLDObfpH5fi7RUGmd/rTDf+rut/saiDiQEeVTNgAmJEdAOx0w=="
    "resolved" "https://registry.npmjs.org/encodeurl/-/encodeurl-1.0.2.tgz"
    "version" "1.0.2"
  
  "escape-html@~1.0.3":
    "integrity" "sha512-NiSupZ4OeuGwr68lGIeym/ksIZMJodUGOSCZ/FSnTxcrekbvqrgdUxlJOMpijaKZVjAJrWrGs/6Jy8OMuyj9ow=="
    "resolved" "https://registry.npmjs.org/escape-html/-/escape-html-1.0.3.tgz"
    "version" "1.0.3"
  
  "etag@~1.8.1":
    "integrity" "sha512-aIL5Fx7mawVa300al2BnEE4iNvo1qETxLrPI/o05L7z6go7fCw1J6EQmbK4FmJ2AS7kgVF/KEZWufBfdClMcPg=="
    "resolved" "https://registry.npmjs.org/etag/-/etag-1.8.1.tgz"
    "version" "1.8.1"
  
  "express@^4.18.2":
    "integrity" "sha512-5/PsL6iGPdfQ/lKM1UuielYgv3BUoJfz1aUwU9vHZ+J7gyvwdQXFEBIEIaxeGf0GIcreATNyBExtalisDbuMqQ=="
    "resolved" "https://registry.npmjs.org/express/-/express-4.18.2.tgz"
    "version" "4.18.2"
    dependencies:
      "accepts" "~1.3.8"
      "array-flatten" "1.1.1"
      "body-parser" "1.20.1"
      "content-disposition" "0.5.4"
      "content-type" "~1.0.4"
      "cookie" "0.5.0"
      "cookie-signature" "1.0.6"
      "debug" "2.6.9"
      "depd" "2.0.0"
      "encodeurl" "~1.0.2"
      "escape-html" "~1.0.3"
      "etag" "~1.8.1"
      "finalhandler" "1.2.0"
      "fresh" "0.5.2"
      "http-errors" "2.0.0"
      "merge-descriptors" "1.0.1"
      "methods" "~1.1.2"
      "on-finished" "2.4.1"
      "parseurl" "~1.3.3"
      "path-to-regexp" "0.1.7"
      "proxy-addr" "~2.0.7"
      "qs" "6.11.0"
      "range-parser" "~1.2.1"
      "safe-buffer" "5.2.1"
      "send" "0.18.0"
      "serve-static" "1.15.0"
      "setprototypeof" "1.2.0"
      "statuses" "2.0.1"
      "type-is" "~1.6.18"
      "utils-merge" "1.0.1"
      "vary" "~1.1.2"
  
  "fast-xml-parser@4.0.11":
    "integrity" "sha512-4aUg3aNRR/WjQAcpceODG1C3x3lFANXRo8+1biqfieHmg9pyMt7qB4lQV/Ta6sJCTbA5vfD8fnA8S54JATiFUA=="
    "resolved" "https://registry.npmjs.org/fast-xml-parser/-/fast-xml-parser-4.0.11.tgz"
    "version" "4.0.11"
    dependencies:
      "strnum" "^1.0.5"
  
  "fill-range@^7.0.1":
    "integrity" "sha512-qOo9F+dMUmC2Lcb4BbVvnKJxTPjCm+RRpe4gDuGrzkL7mEVl/djYSu2OdQ2Pa302N4oqkSg9ir6jaLWJ2USVpQ=="
    "resolved" "https://registry.npmjs.org/fill-range/-/fill-range-7.0.1.tgz"
    "version" "7.0.1"
    dependencies:
      "to-regex-range" "^5.0.1"
  
  "finalhandler@1.2.0":
    "integrity" "sha512-5uXcUVftlQMFnWC9qu/svkWv3GTd2PfUhK/3PLkYNAe7FbqJMt3515HaxE6eRL74GdsriiwujiawdaB1BpEISg=="
    "resolved" "https://registry.npmjs.org/finalhandler/-/finalhandler-1.2.0.tgz"
    "version" "1.2.0"
    dependencies:
      "debug" "2.6.9"
      "encodeurl" "~1.0.2"
      "escape-html" "~1.0.3"
      "on-finished" "2.4.1"
      "parseurl" "~1.3.3"
      "statuses" "2.0.1"
      "unpipe" "~1.0.0"
  
  "forwarded@0.2.0":
    "integrity" "sha512-buRG0fpBtRHSTCOASe6hD258tEubFoRLb4ZNA6NxMVHNw2gOcwHo9wyablzMzOA5z9xA9L1KNjk/Nt6MT9aYow=="
    "resolved" "https://registry.npmjs.org/forwarded/-/forwarded-0.2.0.tgz"
    "version" "0.2.0"
  
  "fresh@0.5.2":
    "integrity" "sha512-zJ2mQYM18rEFOudeV4GShTGIQ7RbzA7ozbU9I/XBpm7kqgMywgmylMwXHxZJmkVoYkna9d2pVXVXPdYTP9ej8Q=="
    "resolved" "https://registry.npmjs.org/fresh/-/fresh-0.5.2.tgz"
    "version" "0.5.2"
  
  "fs.realpath@^1.0.0":
    "integrity" "sha512-OO0pH2lK6a0hZnAdau5ItzHPI6pUlvI7jMVnxUQRtw4owF2wk8lOSabtGDCTP4Ggrg2MbGnWO9X8K1t4+fGMDw=="
    "resolved" "https://registry.npmjs.org/fs.realpath/-/fs.realpath-1.0.0.tgz"
    "version" "1.0.0"
  
  "function-bind@^1.1.1":
    "integrity" "sha512-yIovAzMX49sF8Yl58fSCWJ5svSLuaibPxXQJFLmBObTuCr0Mf1KiPopGM9NiFjiYBCbfaa2Fh6breQ6ANVTI0A=="
    "resolved" "https://registry.npmjs.org/function-bind/-/function-bind-1.1.1.tgz"
    "version" "1.1.1"
  
  "get-intrinsic@^1.0.2":
    "integrity" "sha512-QJVz1Tj7MS099PevUG5jvnt9tSkXN8K14dxQlikJuPt4uD9hHAHjLyLBiLR5zELelBdD9QNRAXZzsJx0WaDL9A=="
    "resolved" "https://registry.npmjs.org/get-intrinsic/-/get-intrinsic-1.1.3.tgz"
    "version" "1.1.3"
    dependencies:
      "function-bind" "^1.1.1"
      "has" "^1.0.3"
      "has-symbols" "^1.0.3"
  
  "glob-parent@~5.1.2":
    "integrity" "sha512-AOIgSQCepiJYwP3ARnGx+5VnTu2HBYdzbGP45eLw1vr3zB3vZLeyed1sC9hnbcOc9/SrMyM5RPQrkGz4aS9Zow=="
    "resolved" "https://registry.npmjs.org/glob-parent/-/glob-parent-5.1.2.tgz"
    "version" "5.1.2"
    dependencies:
      "is-glob" "^4.0.1"
  
  "glob@^7.1.3":
    "integrity" "sha512-nFR0zLpU2YCaRxwoCJvL6UvCH2JFyFVIvwTLsIf21AuHlMskA1hhTdk+LlYJtOlYt9v6dvszD2BGRqBL+iQK9Q=="
    "resolved" "https://registry.npmjs.org/glob/-/glob-7.2.3.tgz"
    "version" "7.2.3"
    dependencies:
      "fs.realpath" "^1.0.0"
      "inflight" "^1.0.4"
      "inherits" "2"
      "minimatch" "^3.1.1"
      "once" "^1.3.0"
      "path-is-absolute" "^1.0.0"
  
  "has-symbols@^1.0.3":
    "integrity" "sha512-l3LCuF6MgDNwTDKkdYGEihYjt5pRPbEg46rtlmnSPlUbgmB8LOIrKJbYYFBSbnPaJexMKtiPO8hmeRjRz2Td+A=="
    "resolved" "https://registry.npmjs.org/has-symbols/-/has-symbols-1.0.3.tgz"
    "version" "1.0.3"
  
  "has@^1.0.3":
    "integrity" "sha512-f2dvO0VU6Oej7RkWJGrehjbzMAjFp5/VKPp5tTpWIV4JHHZK1/BxbFRtf/siA2SWTe09caDmVtYYzWEIbBS4zw=="
    "resolved" "https://registry.npmjs.org/has/-/has-1.0.3.tgz"
    "version" "1.0.3"
    dependencies:
      "function-bind" "^1.1.1"
  
  "http-errors@2.0.0":
    "integrity" "sha512-FtwrG/euBzaEjYeRqOgly7G0qviiXoJWnvEH2Z1plBdXgbyjv34pHTSb9zoeHMyDy33+DWy5Wt9Wo+TURtOYSQ=="
    "resolved" "https://registry.npmjs.org/http-errors/-/http-errors-2.0.0.tgz"
    "version" "2.0.0"
    dependencies:
      "depd" "2.0.0"
      "inherits" "2.0.4"
      "setprototypeof" "1.2.0"
      "statuses" "2.0.1"
      "toidentifier" "1.0.1"
  
  "iconv-lite@0.4.24":
    "integrity" "sha512-v3MXnZAcvnywkTUEZomIActle7RXXeedOR31wwl7VlyoXO4Qi9arvSenNQWne1TcRwhCL1HwLI21bEqdpj8/rA=="
    "resolved" "https://registry.npmjs.org/iconv-lite/-/iconv-lite-0.4.24.tgz"
    "version" "0.4.24"
    dependencies:
      "safer-buffer" ">= 2.1.2 < 3"
  
  "ieee754@^1.1.13":
    "integrity" "sha512-dcyqhDvX1C46lXZcVqCpK+FtMRQVdIMN6/Df5js2zouUsqG7I6sFxitIC+7KYK29KdXOLHdu9zL4sFnoVQnqaA=="
    "resolved" "https://registry.npmjs.org/ieee754/-/ieee754-1.2.1.tgz"
    "version" "1.2.1"
  
  "inflight@^1.0.4":
    "integrity" "sha512-k92I/b08q4wvFscXCLvqfsHCrjrF7yiXsQuIVvVE7N82W3+aqpzuUdBbfhWcy/FZR3/4IgflMgKLOsvPDrGCJA=="
    "resolved" "https://registry.npmjs.org/inflight/-/inflight-1.0.6.tgz"
    "version" "1.0.6"
    dependencies:
      "once" "^1.3.0"
      "wrappy" "1"
  
  "inherits@2", "inherits@2.0.4":
    "integrity" "sha512-k/vGaX4/Yla3WzyMCvTQOXYeIHvqOKtnqBduzTHpzpQZzAskKMhZ2K+EnBiSM9zGSoIFeMpXKxa4dYeZIQqewQ=="
    "resolved" "https://registry.npmjs.org/inherits/-/inherits-2.0.4.tgz"
    "version" "2.0.4"
  
  "ip@^2.0.0":
    "integrity" "sha512-WKa+XuLG1A1R0UWhl2+1XQSi+fZWMsYKffMZTTYsiZaUD8k2yDAj5atimTUD2TZkyCkNEeYE5NhFZmupOGtjYQ=="
    "resolved" "https://registry.npmjs.org/ip/-/ip-2.0.0.tgz"
    "version" "2.0.0"
  
  "ipaddr.js@1.9.1":
    "integrity" "sha512-0KI/607xoxSToH7GjN1FfSbLoU0+btTicjsQSWQlh/hZykN8KpmMf7uYwPW3R+akZ6R/w18ZlXSHBYXiYUPO3g=="
    "resolved" "https://registry.npmjs.org/ipaddr.js/-/ipaddr.js-1.9.1.tgz"
    "version" "1.9.1"
  
  "is-binary-path@~2.1.0":
    "integrity" "sha512-ZMERYes6pDydyuGidse7OsHxtbI7WVeUEozgR/g7rd0xUimYNlvZRE/K2MgZTjWy725IfelLeVcEM97mmtRGXw=="
    "resolved" "https://registry.npmjs.org/is-binary-path/-/is-binary-path-2.1.0.tgz"
    "version" "2.1.0"
    dependencies:
      "binary-extensions" "^2.0.0"
  
  "is-core-module@^2.9.0":
    "integrity" "sha512-RRjxlvLDkD1YJwDbroBHMb+cukurkDWNyHx7D3oNB5x9rb5ogcksMC5wHCadcXoo67gVr/+3GFySh3134zi6rw=="
    "resolved" "https://registry.npmjs.org/is-core-module/-/is-core-module-2.11.0.tgz"
    "version" "2.11.0"
    dependencies:
      "has" "^1.0.3"
  
  "is-extglob@^2.1.1":
    "integrity" "sha512-SbKbANkN603Vi4jEZv49LeVJMn4yGwsbzZworEoyEiutsN3nJYdbO36zfhGJ6QEDpOZIFkDtnq5JRxmvl3jsoQ=="
    "resolved" "https://registry.npmjs.org/is-extglob/-/is-extglob-2.1.1.tgz"
    "version" "2.1.1"
  
  "is-glob@^4.0.1", "is-glob@~4.0.1":
    "integrity" "sha512-xelSayHH36ZgE7ZWhli7pW34hNbNl8Ojv5KVmkJD4hBdD3th8Tfk9vYasLM+mXWOZhFkgZfxhLSnrwRr4elSSg=="
    "resolved" "https://registry.npmjs.org/is-glob/-/is-glob-4.0.3.tgz"
    "version" "4.0.3"
    dependencies:
      "is-extglob" "^2.1.1"
  
  "is-number@^7.0.0":
    "integrity" "sha512-41Cifkg6e8TylSpdtTpeLVMqvSBEVzTttHvERD741+pnZ8ANv0004MRL43QKPDlK9cGvNp6NZWZUBlbGXYxxng=="
    "resolved" "https://registry.npmjs.org/is-number/-/is-number-7.0.0.tgz"
    "version" "7.0.0"
  
  "kareem@2.5.0":
    "integrity" "sha512-rVBUGGwvqg130iwYu8k7lutHuDBFj1yGRdnlE44wEhxAmFBad1zcL66PdWC1raw3tIObY6XWhtv3VL04xQb/cg=="
    "resolved" "https://registry.npmjs.org/kareem/-/kareem-2.5.0.tgz"
    "version" "2.5.0"
  
  "make-error@^1.1.1":
    "integrity" "sha512-s8UhlNe7vPKomQhC1qFelMokr/Sc3AgNbso3n74mVPA5LTZwkB9NlXf4XPamLxJE8h0gh73rM94xvwRT2CVInw=="
    "resolved" "https://registry.npmjs.org/make-error/-/make-error-1.3.6.tgz"
    "version" "1.3.6"
  
  "media-typer@0.3.0":
    "integrity" "sha512-dq+qelQ9akHpcOl/gUVRTxVIOkAJ1wR3QAvb4RsVjS8oVoFjDGTc679wJYmUmknUF5HwMLOgb5O+a3KxfWapPQ=="
    "resolved" "https://registry.npmjs.org/media-typer/-/media-typer-0.3.0.tgz"
    "version" "0.3.0"
  
  "memory-pager@^1.0.2":
    "integrity" "sha512-ZS4Bp4r/Zoeq6+NLJpP+0Zzm0pR8whtGPf1XExKLJBAczGMnSi3It14OiNCStjQjM6NU1okjQGSxgEZN8eBYKg=="
    "resolved" "https://registry.npmjs.org/memory-pager/-/memory-pager-1.5.0.tgz"
    "version" "1.5.0"
  
  "merge-descriptors@1.0.1":
    "integrity" "sha512-cCi6g3/Zr1iqQi6ySbseM1Xvooa98N0w31jzUYrXPX2xqObmFGHJ0tQ5u74H3mVh7wLouTseZyYIq39g8cNp1w=="
    "resolved" "https://registry.npmjs.org/merge-descriptors/-/merge-descriptors-1.0.1.tgz"
    "version" "1.0.1"
  
  "methods@~1.1.2":
    "integrity" "sha512-iclAHeNqNm68zFtnZ0e+1L2yUIdvzNoauKU4WBA3VvH/vPFieF7qfRlwUZU+DA9P9bPXIS90ulxoUoCH23sV2w=="
    "resolved" "https://registry.npmjs.org/methods/-/methods-1.1.2.tgz"
    "version" "1.1.2"
  
  "mime-db@1.52.0":
    "integrity" "sha512-sPU4uV7dYlvtWJxwwxHD0PuihVNiE7TyAbQ5SWxDCB9mUYvOgroQOwYQQOKPJ8CIbE+1ETVlOoK1UC2nU3gYvg=="
    "resolved" "https://registry.npmjs.org/mime-db/-/mime-db-1.52.0.tgz"
    "version" "1.52.0"
  
  "mime-types@~2.1.24", "mime-types@~2.1.34":
    "integrity" "sha512-ZDY+bPm5zTTF+YpCrAU9nK0UgICYPT0QtT1NZWFv4s++TNkcgVaT0g6+4R2uI4MjQjzysHB1zxuWL50hzaeXiw=="
    "resolved" "https://registry.npmjs.org/mime-types/-/mime-types-2.1.35.tgz"
    "version" "2.1.35"
    dependencies:
      "mime-db" "1.52.0"
  
  "mime@1.6.0":
    "integrity" "sha512-x0Vn8spI+wuJ1O6S7gnbaQg8Pxh4NNHb7KSINmEWKiPE4RKOplvijn+NkmYmmRgP68mc70j2EbeTFRsrswaQeg=="
    "resolved" "https://registry.npmjs.org/mime/-/mime-1.6.0.tgz"
    "version" "1.6.0"
  
  "minimatch@^3.1.1":
    "integrity" "sha512-J7p63hRiAjw1NDEww1W7i37+ByIrOWO5XQQAzZ3VOcL0PNybwpfmV/N05zFAzwQ9USyEcX6t3UO+K5aqBQOIHw=="
    "resolved" "https://registry.npmjs.org/minimatch/-/minimatch-3.1.2.tgz"
    "version" "3.1.2"
    dependencies:
      "brace-expansion" "^1.1.7"
  
  "minimist@^1.2.6":
    "integrity" "sha512-bzfL1YUZsP41gmu/qjrEk0Q6i2ix/cVeAhbCbqH9u3zYutS1cLg00qhrD0M2MVdCcx4Sc0UpP2eBWo9rotpq6g=="
    "resolved" "https://registry.npmjs.org/minimist/-/minimist-1.2.7.tgz"
    "version" "1.2.7"
  
  "mkdirp@^1.0.4":
    "integrity" "sha512-vVqVZQyf3WLx2Shd0qJ9xuvqgAyKPLAiqITEtqW0oIUjzo3PePDd6fW9iFz30ef7Ysp/oiWqbhszeGWW2T6Gzw=="
    "resolved" "https://registry.npmjs.org/mkdirp/-/mkdirp-1.0.4.tgz"
    "version" "1.0.4"
  
  "mongodb-connection-string-url@^2.5.4":
    "integrity" "sha512-WvTZlI9ab0QYtTYnuMLgobULWhokRjtC7db9LtcVfJ+Hsnyr5eo6ZtNAt3Ly24XZScGMelOcGtm7lSn0332tPQ=="
    "resolved" "https://registry.npmjs.org/mongodb-connection-string-url/-/mongodb-connection-string-url-2.6.0.tgz"
    "version" "2.6.0"
    dependencies:
      "@types/whatwg-url" "^8.2.1"
      "whatwg-url" "^11.0.0"
  
  "mongodb@4.12.1":
    "integrity" "sha512-koT87tecZmxPKtxRQD8hCKfn+ockEL2xBiUvx3isQGI6mFmagWt4f4AyCE9J4sKepnLhMacoCTQQA6SLAI2L6w=="
    "resolved" "https://registry.npmjs.org/mongodb/-/mongodb-4.12.1.tgz"
    "version" "4.12.1"
    dependencies:
      "bson" "^4.7.0"
      "mongodb-connection-string-url" "^2.5.4"
      "socks" "^2.7.1"
    optionalDependencies:
      "@aws-sdk/credential-providers" "^3.186.0"
      "saslprep" "^1.0.3"
  
  "mongoose@^6.8.1":
    "integrity" "sha512-utr2hclZ+/QlO+JuVd33dxzvLKtByEhaLj8mEO+tqCm6pgOboKv+DWcvJDEcCMl4Rgd1ubgfYz4cZ9BWyHmC3Q=="
    "resolved" "https://registry.npmjs.org/mongoose/-/mongoose-6.8.1.tgz"
    "version" "6.8.1"
    dependencies:
      "bson" "^4.7.0"
      "kareem" "2.5.0"
      "mongodb" "4.12.1"
      "mpath" "0.9.0"
      "mquery" "4.0.3"
      "ms" "2.1.3"
      "sift" "16.0.1"
  
  "morgan@^1.10.0":
    "integrity" "sha512-AbegBVI4sh6El+1gNwvD5YIck7nSA36weD7xvIxG4in80j/UoK8AEGaWnnz8v1GxonMCltmlNs5ZKbGvl9b1XQ=="
    "resolved" "https://registry.npmjs.org/morgan/-/morgan-1.10.0.tgz"
    "version" "1.10.0"
    dependencies:
      "basic-auth" "~2.0.1"
      "debug" "2.6.9"
      "depd" "~2.0.0"
      "on-finished" "~2.3.0"
      "on-headers" "~1.0.2"
  
  "mpath@0.9.0":
    "integrity" "sha512-ikJRQTk8hw5DEoFVxHG1Gn9T/xcjtdnOKIU1JTmGjZZlg9LST2mBLmcX3/ICIbgJydT2GOc15RnNy5mHmzfSew=="
    "resolved" "https://registry.npmjs.org/mpath/-/mpath-0.9.0.tgz"
    "version" "0.9.0"
  
  "mquery@4.0.3":
    "integrity" "sha512-J5heI+P08I6VJ2Ky3+33IpCdAvlYGTSUjwTPxkAr8i8EoduPMBX2OY/wa3IKZIQl7MU4SbFk8ndgSKyB/cl1zA=="
    "resolved" "https://registry.npmjs.org/mquery/-/mquery-4.0.3.tgz"
    "version" "4.0.3"
    dependencies:
      "debug" "4.x"
  
  "ms@2.0.0":
    "integrity" "sha512-Tpp60P6IUJDTuOq/5Z8cdskzJujfwqfOTkrwIwj7IRISpnkJnT6SyJ4PCPnGMoFjC9ddhal5KVIYtAt97ix05A=="
    "resolved" "https://registry.npmjs.org/ms/-/ms-2.0.0.tgz"
    "version" "2.0.0"
  
  "ms@2.1.2":
    "integrity" "sha512-sGkPx+VjMtmA6MX27oA4FBFELFCZZ4S4XqeGOXCv68tT+jb3vk/RyaKWP0PTKyWtmLSM0b+adUTEvbs1PEaH2w=="
    "resolved" "https://registry.npmjs.org/ms/-/ms-2.1.2.tgz"
    "version" "2.1.2"
  
  "ms@2.1.3":
    "integrity" "sha512-6FlzubTLZG3J2a/NVCAleEhjzq5oxgHyaCU9yYXvcLsvoVaHJq/s5xXI6/XXP6tz7R9xAOtHnSO/tXtF3WRTlA=="
    "resolved" "https://registry.npmjs.org/ms/-/ms-2.1.3.tgz"
    "version" "2.1.3"
  
  "negotiator@0.6.3":
    "integrity" "sha512-+EUsqGPLsM+j/zdChZjsnX51g4XrHFOIXwfnCVPGlQk/k5giakcKsuxCObBRu6DSm9opw/O6slWbJdghQM4bBg=="
    "resolved" "https://registry.npmjs.org/negotiator/-/negotiator-0.6.3.tgz"
    "version" "0.6.3"
  
  "normalize-path@^3.0.0", "normalize-path@~3.0.0":
    "integrity" "sha512-6eZs5Ls3WtCisHWp9S2GUy8dqkpGi4BVSz3GaqiE6ezub0512ESztXUwUB6C6IKbQkY2Pnb/mD4WYojCRwcwLA=="
    "resolved" "https://registry.npmjs.org/normalize-path/-/normalize-path-3.0.0.tgz"
    "version" "3.0.0"
  
  "object-assign@^4":
    "integrity" "sha512-rJgTQnkUnH1sFw8yT6VSU3zD3sWmu6sZhIseY8VX+GRu3P6F7Fu+JNDoXfklElbLJSnc3FUQHVe4cU5hj+BcUg=="
    "resolved" "https://registry.npmjs.org/object-assign/-/object-assign-4.1.1.tgz"
    "version" "4.1.1"
  
  "object-inspect@^1.9.0":
    "integrity" "sha512-z+cPxW0QGUp0mcqcsgQyLVRDoXFQbXOwBaqyF7VIgI4TWNQsDHrBpUQslRmIfAoYWdYzs6UlKJtB2XJpTaNSpQ=="
    "resolved" "https://registry.npmjs.org/object-inspect/-/object-inspect-1.12.2.tgz"
    "version" "1.12.2"
  
  "on-finished@~2.3.0":
    "integrity" "sha512-ikqdkGAAyf/X/gPhXGvfgAytDZtDbr+bkNUJ0N9h5MI/dmdgCs3l6hoHrcUv41sRKew3jIwrp4qQDXiK99Utww=="
    "resolved" "https://registry.npmjs.org/on-finished/-/on-finished-2.3.0.tgz"
    "version" "2.3.0"
    dependencies:
      "ee-first" "1.1.1"
  
  "on-finished@2.4.1":
    "integrity" "sha512-oVlzkg3ENAhCk2zdv7IJwd/QUD4z2RxRwpkcGY8psCVcCYZNq4wYnVWALHM+brtuJjePWiYF/ClmuDr8Ch5+kg=="
    "resolved" "https://registry.npmjs.org/on-finished/-/on-finished-2.4.1.tgz"
    "version" "2.4.1"
    dependencies:
      "ee-first" "1.1.1"
  
  "on-headers@~1.0.2":
    "integrity" "sha512-pZAE+FJLoyITytdqK0U5s+FIpjN0JP3OzFi/u8Rx+EV5/W+JTWGXG8xFzevE7AjBfDqHv/8vL8qQsIhHnqRkrA=="
    "resolved" "https://registry.npmjs.org/on-headers/-/on-headers-1.0.2.tgz"
    "version" "1.0.2"
  
  "once@^1.3.0":
    "integrity" "sha512-lNaJgI+2Q5URQBkccEKHTQOPaXdUxnZZElQTZY0MFUAuaEqe1E+Nyvgdz/aIyNi6Z9MzO5dv1H8n58/GELp3+w=="
    "resolved" "https://registry.npmjs.org/once/-/once-1.4.0.tgz"
    "version" "1.4.0"
    dependencies:
      "wrappy" "1"
  
  "parseurl@~1.3.3":
    "integrity" "sha512-CiyeOxFT/JZyN5m0z9PfXw4SCBJ6Sygz1Dpl0wqjlhDEGGBP1GnsUVEL0p63hoG1fcj3fHynXi9NYO4nWOL+qQ=="
    "resolved" "https://registry.npmjs.org/parseurl/-/parseurl-1.3.3.tgz"
    "version" "1.3.3"
  
  "path-is-absolute@^1.0.0":
    "integrity" "sha512-AVbw3UJ2e9bq64vSaS9Am0fje1Pa8pbGqTTsmXfaIiMpnr5DlDhfJOuLj9Sf95ZPVDAUerDfEk88MPmPe7UCQg=="
    "resolved" "https://registry.npmjs.org/path-is-absolute/-/path-is-absolute-1.0.1.tgz"
    "version" "1.0.1"
  
  "path-parse@^1.0.7":
    "integrity" "sha512-LDJzPVEEEPR+y48z93A0Ed0yXb8pAByGWo/k5YYdYgpY2/2EsOsksJrq7lOHxryrVOn1ejG6oAp8ahvOIQD8sw=="
    "resolved" "https://registry.npmjs.org/path-parse/-/path-parse-1.0.7.tgz"
    "version" "1.0.7"
  
  "path-to-regexp@0.1.7":
    "integrity" "sha512-5DFkuoqlv1uYQKxy8omFBeJPQcdoE07Kv2sferDCrAq1ohOU+MSDswDIbnx3YAM60qIOnYa53wBhXW0EbMonrQ=="
    "resolved" "https://registry.npmjs.org/path-to-regexp/-/path-to-regexp-0.1.7.tgz"
    "version" "0.1.7"
  
  "picomatch@^2.0.4", "picomatch@^2.2.1":
    "integrity" "sha512-JU3teHTNjmE2VCGFzuY8EXzCDVwEqB2a8fsIvwaStHhAWJEeVd1o1QD80CU6+ZdEXXSLbSsuLwJjkCBWqRQUVA=="
    "resolved" "https://registry.npmjs.org/picomatch/-/picomatch-2.3.1.tgz"
    "version" "2.3.1"
  
  "proxy-addr@~2.0.7":
    "integrity" "sha512-llQsMLSUDUPT44jdrU/O37qlnifitDP+ZwrmmZcoSKyLKvtZxpyV0n2/bD/N4tBAAZ/gJEdZU7KMraoK1+XYAg=="
    "resolved" "https://registry.npmjs.org/proxy-addr/-/proxy-addr-2.0.7.tgz"
    "version" "2.0.7"
    dependencies:
      "forwarded" "0.2.0"
      "ipaddr.js" "1.9.1"
  
  "punycode@^2.1.1":
    "integrity" "sha512-XRsRjdf+j5ml+y/6GKHPZbrF/8p2Yga0JPtdqTIY2Xe5ohJPD9saDJJLPvp9+NSBprVvevdXZybnj2cv8OEd0A=="
    "resolved" "https://registry.npmjs.org/punycode/-/punycode-2.1.1.tgz"
    "version" "2.1.1"
  
  "qs@6.11.0":
    "integrity" "sha512-MvjoMCJwEarSbUYk5O+nmoSzSutSsTwF85zcHPQ9OrlFoZOYIjaqBAJIqIXjptyD5vThxGq52Xu/MaJzRkIk4Q=="
    "resolved" "https://registry.npmjs.org/qs/-/qs-6.11.0.tgz"
    "version" "6.11.0"
    dependencies:
      "side-channel" "^1.0.4"
  
  "range-parser@~1.2.1":
    "integrity" "sha512-Hrgsx+orqoygnmhFbKaHE6c296J+HTAQXoxEF6gNupROmmGJRoyzfG3ccAveqCBrwr/2yxQ5BVd/GTl5agOwSg=="
    "resolved" "https://registry.npmjs.org/range-parser/-/range-parser-1.2.1.tgz"
    "version" "1.2.1"
  
  "raw-body@2.5.1":
    "integrity" "sha512-qqJBtEyVgS0ZmPGdCFPWJ3FreoqvG4MVQln/kCgF7Olq95IbOp0/BWyMwbdtn4VTvkM8Y7khCQ2Xgk/tcrCXig=="
    "resolved" "https://registry.npmjs.org/raw-body/-/raw-body-2.5.1.tgz"
    "version" "2.5.1"
    dependencies:
      "bytes" "3.1.2"
      "http-errors" "2.0.0"
      "iconv-lite" "0.4.24"
      "unpipe" "1.0.0"
  
  "readdirp@~3.6.0":
    "integrity" "sha512-hOS089on8RduqdbhvQ5Z37A0ESjsqz6qnRcffsMU3495FuTdqSm+7bhJ29JvIOsBDEEnan5DPu9t3To9VRlMzA=="
    "resolved" "https://registry.npmjs.org/readdirp/-/readdirp-3.6.0.tgz"
    "version" "3.6.0"
    dependencies:
      "picomatch" "^2.2.1"
  
  "resolve@^1.0.0":
    "integrity" "sha512-nBpuuYuY5jFsli/JIs1oldw6fOQCBioohqWZg/2hiaOybXOft4lonv85uDOKXdf8rhyK159cxU5cDcK/NKk8zw=="
    "resolved" "https://registry.npmjs.org/resolve/-/resolve-1.22.1.tgz"
    "version" "1.22.1"
    dependencies:
      "is-core-module" "^2.9.0"
      "path-parse" "^1.0.7"
      "supports-preserve-symlinks-flag" "^1.0.0"
  
  "rimraf@^2.6.1":
    "integrity" "sha512-uWjbaKIK3T1OSVptzX7Nl6PvQ3qAGtKEtVRjRuazjfL3Bx5eI409VZSqgND+4UNnmzLVdPj9FqFJNPqBZFve4w=="
    "resolved" "https://registry.npmjs.org/rimraf/-/rimraf-2.7.1.tgz"
    "version" "2.7.1"
    dependencies:
      "glob" "^7.1.3"
  
  "safe-buffer@5.1.2":
    "integrity" "sha512-Gd2UZBJDkXlY7GbJxfsE8/nvKkUEU1G38c1siN6QP6a9PT9MmHB8GnpscSmMJSoF8LOIrt8ud/wPtojys4G6+g=="
    "resolved" "https://registry.npmjs.org/safe-buffer/-/safe-buffer-5.1.2.tgz"
    "version" "5.1.2"
  
  "safe-buffer@5.2.1":
    "integrity" "sha512-rp3So07KcdmmKbGvgaNxQSJr7bGVSVk5S9Eq1F+ppbRo70+YeaDxkw5Dd8NPN+GD6bjnYm2VuPuCXmpuYvmCXQ=="
    "resolved" "https://registry.npmjs.org/safe-buffer/-/safe-buffer-5.2.1.tgz"
    "version" "5.2.1"
  
  "safer-buffer@>= 2.1.2 < 3":
    "integrity" "sha512-YZo3K82SD7Riyi0E1EQPojLz7kpepnSQI9IyPbHHg1XXXevb5dJI7tpyN2ADxGcQbHG7vcyRHk0cbwqcQriUtg=="
    "resolved" "https://registry.npmjs.org/safer-buffer/-/safer-buffer-2.1.2.tgz"
    "version" "2.1.2"
  
  "saslprep@^1.0.3":
    "integrity" "sha512-/MY/PEMbk2SuY5sScONwhUDsV2p77Znkb/q3nSVstq/yQzYJOH/Azh29p9oJLsl3LnQwSvZDKagDGBsBwSooag=="
    "resolved" "https://registry.npmjs.org/saslprep/-/saslprep-1.0.3.tgz"
    "version" "1.0.3"
    dependencies:
      "sparse-bitfield" "^3.0.3"
  
  "send@0.18.0":
    "integrity" "sha512-qqWzuOjSFOuqPjFe4NOsMLafToQQwBSOEpS+FwEt3A2V3vKubTquT3vmLTQpFgMXp8AlFWFuP1qKaJZOtPpVXg=="
    "resolved" "https://registry.npmjs.org/send/-/send-0.18.0.tgz"
    "version" "0.18.0"
    dependencies:
      "debug" "2.6.9"
      "depd" "2.0.0"
      "destroy" "1.2.0"
      "encodeurl" "~1.0.2"
      "escape-html" "~1.0.3"
      "etag" "~1.8.1"
      "fresh" "0.5.2"
      "http-errors" "2.0.0"
      "mime" "1.6.0"
      "ms" "2.1.3"
      "on-finished" "2.4.1"
      "range-parser" "~1.2.1"
      "statuses" "2.0.1"
  
  "serve-static@1.15.0":
    "integrity" "sha512-XGuRDNjXUijsUL0vl6nSD7cwURuzEgglbOaFuZM9g3kwDXOWVTck0jLzjPzGD+TazWbboZYu52/9/XPdUgne9g=="
    "resolved" "https://registry.npmjs.org/serve-static/-/serve-static-1.15.0.tgz"
    "version" "1.15.0"
    dependencies:
      "encodeurl" "~1.0.2"
      "escape-html" "~1.0.3"
      "parseurl" "~1.3.3"
      "send" "0.18.0"
  
  "setprototypeof@1.2.0":
    "integrity" "sha512-E5LDX7Wrp85Kil5bhZv46j8jOeboKq5JMmYM3gVGdGH8xFpPWXUMsNrlODCrkoxMEeNi/XZIwuRvY4XNwYMJpw=="
    "resolved" "https://registry.npmjs.org/setprototypeof/-/setprototypeof-1.2.0.tgz"
    "version" "1.2.0"
  
  "side-channel@^1.0.4":
    "integrity" "sha512-q5XPytqFEIKHkGdiMIrY10mvLRvnQh42/+GoBlFW3b2LXLE2xxJpZFdm94we0BaoV3RwJyGqg5wS7epxTv0Zvw=="
    "resolved" "https://registry.npmjs.org/side-channel/-/side-channel-1.0.4.tgz"
    "version" "1.0.4"
    dependencies:
      "call-bind" "^1.0.0"
      "get-intrinsic" "^1.0.2"
      "object-inspect" "^1.9.0"
  
  "sift@16.0.1":
    "integrity" "sha512-Wv6BjQ5zbhW7VFefWusVP33T/EM0vYikCaQ2qR8yULbsilAT8/wQaXvuQ3ptGLpoKx+lihJE3y2UTgKDyyNHZQ=="
    "resolved" "https://registry.npmjs.org/sift/-/sift-16.0.1.tgz"
    "version" "16.0.1"
  
  "smart-buffer@^4.2.0":
    "integrity" "sha512-94hK0Hh8rPqQl2xXc3HsaBoOXKV20MToPkcXvwbISWLEs+64sBq5kFgn2kJDHb1Pry9yrP0dxrCI9RRci7RXKg=="
    "resolved" "https://registry.npmjs.org/smart-buffer/-/smart-buffer-4.2.0.tgz"
    "version" "4.2.0"
  
  "socks@^2.7.1":
    "integrity" "sha512-7maUZy1N7uo6+WVEX6psASxtNlKaNVMlGQKkG/63nEDdLOWNbiUMoLK7X4uYoLhQstau72mLgfEWcXcwsaHbYQ=="
    "resolved" "https://registry.npmjs.org/socks/-/socks-2.7.1.tgz"
    "version" "2.7.1"
    dependencies:
      "ip" "^2.0.0"
      "smart-buffer" "^4.2.0"
  
  "source-map-support@^0.5.12":
    "integrity" "sha512-uBHU3L3czsIyYXKX88fdrGovxdSCoTGDRZ6SYXtSRxLZUzHg5P/66Ht6uoUlHu9EZod+inXhKo3qQgwXUT/y1w=="
    "resolved" "https://registry.npmjs.org/source-map-support/-/source-map-support-0.5.21.tgz"
    "version" "0.5.21"
    dependencies:
      "buffer-from" "^1.0.0"
      "source-map" "^0.6.0"
  
  "source-map@^0.6.0":
    "integrity" "sha512-UjgapumWlbMhkBgzT7Ykc5YXUT46F0iKu8SGXq0bcwP5dz/h0Plj6enJqjz1Zbq2l5WaqYnrVbwWOWMyF3F47g=="
    "resolved" "https://registry.npmjs.org/source-map/-/source-map-0.6.1.tgz"
    "version" "0.6.1"
  
  "sparse-bitfield@^3.0.3":
    "integrity" "sha512-kvzhi7vqKTfkh0PZU+2D2PIllw2ymqJKujUcyPMd9Y75Nv4nPbGJZXNhxsgdQab2BmlDct1YnfQCguEvHr7VsQ=="
    "resolved" "https://registry.npmjs.org/sparse-bitfield/-/sparse-bitfield-3.0.3.tgz"
    "version" "3.0.3"
    dependencies:
      "memory-pager" "^1.0.2"
  
  "statuses@2.0.1":
    "integrity" "sha512-RwNA9Z/7PrK06rYLIzFMlaF+l73iwpzsqRIFgbMLbTcLD6cOao82TaWefPXQvB2fOC4AjuYSEndS7N/mTCbkdQ=="
    "resolved" "https://registry.npmjs.org/statuses/-/statuses-2.0.1.tgz"
    "version" "2.0.1"
  
  "strip-bom@^3.0.0":
    "integrity" "sha512-vavAMRXOgBVNF6nyEEmL3DBK19iRpDcoIwW+swQ+CbGiu7lju6t+JklA1MHweoWtadgt4ISVUsXLyDq34ddcwA=="
    "resolved" "https://registry.npmjs.org/strip-bom/-/strip-bom-3.0.0.tgz"
    "version" "3.0.0"
  
  "strip-json-comments@^2.0.0":
    "integrity" "sha512-4gB8na07fecVVkOI6Rs4e7T6NOTki5EmL7TUduTs6bu3EdnSycntVJ4re8kgZA+wx9IueI2Y11bfbgwtzuE0KQ=="
    "resolved" "https://registry.npmjs.org/strip-json-comments/-/strip-json-comments-2.0.1.tgz"
    "version" "2.0.1"
  
  "strnum@^1.0.5":
    "integrity" "sha512-J8bbNyKKXl5qYcR36TIO8W3mVGVHrmmxsd5PAItGkmyzwJvybiw2IVq5nqd0i4LSNSkB/sx9VHllbfFdr9k1JA=="
    "resolved" "https://registry.npmjs.org/strnum/-/strnum-1.0.5.tgz"
    "version" "1.0.5"
  
  "supports-preserve-symlinks-flag@^1.0.0":
    "integrity" "sha512-ot0WnXS9fgdkgIcePe6RHNk1WA8+muPa6cSjeR3V8K27q9BB1rTE3R1p7Hv0z1ZyAc8s6Vvv8DIyWf681MAt0w=="
    "resolved" "https://registry.npmjs.org/supports-preserve-symlinks-flag/-/supports-preserve-symlinks-flag-1.0.0.tgz"
    "version" "1.0.0"
  
  "to-regex-range@^5.0.1":
    "integrity" "sha512-65P7iz6X5yEr1cwcgvQxbbIw7Uk3gOy5dIdtZ4rDveLqhrdJP+Li/Hx6tyK0NEb+2GCyneCMJiGqrADCSNk8sQ=="
    "resolved" "https://registry.npmjs.org/to-regex-range/-/to-regex-range-5.0.1.tgz"
    "version" "5.0.1"
    dependencies:
      "is-number" "^7.0.0"
  
  "toidentifier@1.0.1":
    "integrity" "sha512-o5sSPKEkg/DIQNmH43V0/uerLrpzVedkUh8tGNvaeXpfpuwjKenlSox/2O/BTlZUtEe+JG7s5YhEz608PlAHRA=="
    "resolved" "https://registry.npmjs.org/toidentifier/-/toidentifier-1.0.1.tgz"
    "version" "1.0.1"
  
  "tr46@^3.0.0":
    "integrity" "sha512-l7FvfAHlcmulp8kr+flpQZmVwtu7nfRV7NZujtN0OqES8EL4O4e0qqzL0DC5gAvx/ZC/9lk6rhcUwYvkBnBnYA=="
    "resolved" "https://registry.npmjs.org/tr46/-/tr46-3.0.0.tgz"
    "version" "3.0.0"
    dependencies:
      "punycode" "^2.1.1"
  
  "tree-kill@^1.2.2":
    "integrity" "sha512-L0Orpi8qGpRG//Nd+H90vFB+3iHnue1zSSGmNOOCh1GLJ7rUKVwV2HvijphGQS2UmhUZewS9VgvxYIdgr+fG1A=="
    "resolved" "https://registry.npmjs.org/tree-kill/-/tree-kill-1.2.2.tgz"
    "version" "1.2.2"
  
  "ts-node-dev@^2.0.0":
    "integrity" "sha512-ywMrhCfH6M75yftYvrvNarLEY+SUXtUvU8/0Z6llrHQVBx12GiFk5sStF8UdfE/yfzk9IAq7O5EEbTQsxlBI8w=="
    "resolved" "https://registry.npmjs.org/ts-node-dev/-/ts-node-dev-2.0.0.tgz"
    "version" "2.0.0"
    dependencies:
      "chokidar" "^3.5.1"
      "dynamic-dedupe" "^0.3.0"
      "minimist" "^1.2.6"
      "mkdirp" "^1.0.4"
      "resolve" "^1.0.0"
      "rimraf" "^2.6.1"
      "source-map-support" "^0.5.12"
      "tree-kill" "^1.2.2"
      "ts-node" "^10.4.0"
      "tsconfig" "^7.0.0"
  
  "ts-node@^10.4.0":
    "integrity" "sha512-NtVysVPkxxrwFGUUxGYhfux8k78pQB3JqYBXlLRZgdGUqTO5wU/UyHop5p70iEbGhB7q5KmiZiU0Y3KlJrScEw=="
    "resolved" "https://registry.npmjs.org/ts-node/-/ts-node-10.9.1.tgz"
    "version" "10.9.1"
    dependencies:
      "@cspotcode/source-map-support" "^0.8.0"
      "@tsconfig/node10" "^1.0.7"
      "@tsconfig/node12" "^1.0.7"
      "@tsconfig/node14" "^1.0.0"
      "@tsconfig/node16" "^1.0.2"
      "acorn" "^8.4.1"
      "acorn-walk" "^8.1.1"
      "arg" "^4.1.0"
      "create-require" "^1.1.0"
      "diff" "^4.0.1"
      "make-error" "^1.1.1"
      "v8-compile-cache-lib" "^3.0.1"
      "yn" "3.1.1"
  
  "tsconfig@^7.0.0":
    "integrity" "sha512-vZXmzPrL+EmC4T/4rVlT2jNVMWCi/O4DIiSj3UHg1OE5kCKbk4mfrXc6dZksLgRM/TZlKnousKH9bbTazUWRRw=="
    "resolved" "https://registry.npmjs.org/tsconfig/-/tsconfig-7.0.0.tgz"
    "version" "7.0.0"
    dependencies:
      "@types/strip-bom" "^3.0.0"
      "@types/strip-json-comments" "0.0.30"
      "strip-bom" "^3.0.0"
      "strip-json-comments" "^2.0.0"
  
  "tslib@^1.11.1":
    "integrity" "sha512-Xni35NKzjgMrwevysHTCArtLDpPvye8zV/0E4EyYn43P7/7qvQwPh9BGkHewbMulVntbigmcT7rdX3BNo9wRJg=="
    "resolved" "https://registry.npmjs.org/tslib/-/tslib-1.14.1.tgz"
    "version" "1.14.1"
  
  "tslib@^2.3.1":
    "integrity" "sha512-tGyy4dAjRIEwI7BzsB0lynWgOpfqjUdq91XXAlIWD2OwKBH7oCl/GZG/HT4BOHrTlPMOASlMQ7veyTqpmRcrNA=="
    "resolved" "https://registry.npmjs.org/tslib/-/tslib-2.4.1.tgz"
    "version" "2.4.1"
  
  "type-is@~1.6.18":
    "integrity" "sha512-TkRKr9sUTxEH8MdfuCSP7VizJyzRNMjj2J2do2Jr3Kym598JVdEksuzPQCnlFPW4ky9Q+iA+ma9BGm06XQBy8g=="
    "resolved" "https://registry.npmjs.org/type-is/-/type-is-1.6.18.tgz"
    "version" "1.6.18"
    dependencies:
      "media-typer" "0.3.0"
      "mime-types" "~2.1.24"
  
  "typescript@*", "typescript@>=2.7":
    "integrity" "sha512-Uz+dTXYzxXXbsFpM86Wh3dKCxrQqUcVMxwU54orwlJjOpO3ao8L7j5lH+dWfTwgCwIuM9GQ2kvVotzYJMXTBZg=="
    "resolved" "https://registry.npmjs.org/typescript/-/typescript-4.9.4.tgz"
    "version" "4.9.4"
  
  "unpipe@~1.0.0", "unpipe@1.0.0":
    "integrity" "sha512-pjy2bYhSsufwWlKwPc+l3cN7+wuJlK6uz0YdJEOlQDbl6jo/YlPi4mb8agUkVC8BF7V8NuzeyPNqRksA3hztKQ=="
    "resolved" "https://registry.npmjs.org/unpipe/-/unpipe-1.0.0.tgz"
    "version" "1.0.0"
  
  "utils-merge@1.0.1":
    "integrity" "sha512-pMZTvIkT1d+TFGvDOqodOclx0QWkkgi6Tdoa8gC8ffGAAqz9pzPTZWAybbsHHoED/ztMtkv/VoYTYyShUn81hA=="
    "resolved" "https://registry.npmjs.org/utils-merge/-/utils-merge-1.0.1.tgz"
    "version" "1.0.1"
  
  "uuid@^8.3.2":
    "integrity" "sha512-+NYs2QeMWy+GWFOEm9xnn6HCDp0l7QBD7ml8zLUmJ+93Q5NF0NocErnwkTkXVFNiX3/fpC6afS8Dhb/gz7R7eg=="
    "resolved" "https://registry.npmjs.org/uuid/-/uuid-8.3.2.tgz"
    "version" "8.3.2"
  
  "v8-compile-cache-lib@^3.0.1":
    "integrity" "sha512-wa7YjyUGfNZngI/vtK0UHAN+lgDCxBPCylVXGp0zu59Fz5aiGtNXaq3DhIov063MorB+VfufLh3JlF2KdTK3xg=="
    "resolved" "https://registry.npmjs.org/v8-compile-cache-lib/-/v8-compile-cache-lib-3.0.1.tgz"
    "version" "3.0.1"
  
  "vary@^1", "vary@~1.1.2":
    "integrity" "sha512-BNGbWLfd0eUPabhkXUVm0j8uuvREyTh5ovRa/dyow/BqAbZJyC+5fU+IzQOzmAKzYqYRAISoRhdQr3eIZ/PXqg=="
    "resolved" "https://registry.npmjs.org/vary/-/vary-1.1.2.tgz"
    "version" "1.1.2"
  
  "webidl-conversions@^7.0.0":
    "integrity" "sha512-VwddBukDzu71offAQR975unBIGqfKZpM+8ZX6ySk8nYhVoo5CYaZyzt3YBvYtRtO+aoGlqxPg/B87NGVZ/fu6g=="
    "resolved" "https://registry.npmjs.org/webidl-conversions/-/webidl-conversions-7.0.0.tgz"
    "version" "7.0.0"
  
  "whatwg-url@^11.0.0":
    "integrity" "sha512-RKT8HExMpoYx4igMiVMY83lN6UeITKJlBQ+vR/8ZJ8OCdSiN3RwCq+9gH0+Xzj0+5IrM6i4j/6LuvzbZIQgEcQ=="
    "resolved" "https://registry.npmjs.org/whatwg-url/-/whatwg-url-11.0.0.tgz"
    "version" "11.0.0"
    dependencies:
      "tr46" "^3.0.0"
      "webidl-conversions" "^7.0.0"
  
  "wrappy@1":
    "integrity" "sha512-l4Sp/DRseor9wL6EvV2+TuQn63dMkPjZ/sp9XkghTEbV9KlPS1xUsZ3u7/IQO4wxtcFB4bgpQPRcR3QCvezPcQ=="
    "resolved" "https://registry.npmjs.org/wrappy/-/wrappy-1.0.2.tgz"
    "version" "1.0.2"
  
  "xtend@^4.0.0":
    "integrity" "sha512-LKYU1iAXJXUgAXn9URjiu+MWhyUXHsvfp7mcuYm9dSUKK0/CjtrUwFAxD82/mCWbtLsGjFIad0wIsod4zrTAEQ=="
    "resolved" "https://registry.npmjs.org/xtend/-/xtend-4.0.2.tgz"
    "version" "4.0.2"
  
  "yn@3.1.1":
    "integrity" "sha512-Ux4ygGWsu2c7isFWe8Yu1YluJmqVhxqK2cLXNQA5AcC3QfbGNpM7fu0Y8b/z16pXLnFxZYvWhd3fhBY9DLmC6Q=="
    "resolved" "https://registry.npmjs.org/yn/-/yn-3.1.1.tgz"
    "version" "3.1.1"
